[2022-10-18 17:47:04,582] {scheduler_job.py:182} INFO - Started process (PID=32) to work on /opt/airflow/dags/folder/my_module.py
[2022-10-18 17:47:04,596] {scheduler_job.py:629} INFO - Processing file /opt/airflow/dags/folder/my_module.py for tasks to queue
[2022-10-18 17:47:04,599] {logging_mixin.py:104} INFO - [2022-10-18 17:47:04,599] {dagbag.py:448} INFO - Filling up the DagBag from /opt/airflow/dags/folder/my_module.py
[2022-10-18 17:47:13,370] {scheduler_job.py:639} INFO - DAG(s) dict_keys(['trending_hashtags']) retrieved from /opt/airflow/dags/folder/my_module.py
[2022-10-18 17:47:13,502] {logging_mixin.py:104} INFO - [2022-10-18 17:47:13,502] {dag.py:1818} INFO - Sync 1 DAGs
[2022-10-18 17:47:13,626] {logging_mixin.py:104} INFO - [2022-10-18 17:47:13,620] {dag.py:2273} INFO - Setting next_dagrun for trending_hashtags to 2022-10-18 17:42:55.680992+00:00
[2022-10-18 17:47:13,718] {scheduler_job.py:190} INFO - Processing /opt/airflow/dags/folder/my_module.py took 9.157 seconds
[2022-10-18 17:47:44,751] {scheduler_job.py:182} INFO - Started process (PID=61) to work on /opt/airflow/dags/folder/my_module.py
[2022-10-18 17:47:44,768] {scheduler_job.py:629} INFO - Processing file /opt/airflow/dags/folder/my_module.py for tasks to queue
[2022-10-18 17:47:44,777] {logging_mixin.py:104} INFO - [2022-10-18 17:47:44,777] {dagbag.py:448} INFO - Filling up the DagBag from /opt/airflow/dags/folder/my_module.py
[2022-10-18 17:47:48,096] {scheduler_job.py:639} INFO - DAG(s) dict_keys(['trending_hashtags']) retrieved from /opt/airflow/dags/folder/my_module.py
[2022-10-18 17:47:48,191] {logging_mixin.py:104} INFO - [2022-10-18 17:47:48,191] {dag.py:1818} INFO - Sync 1 DAGs
[2022-10-18 17:47:48,250] {logging_mixin.py:104} INFO - [2022-10-18 17:47:48,250] {dag.py:2273} INFO - Setting next_dagrun for trending_hashtags to 2022-10-18 17:42:55.680992+00:00
[2022-10-18 17:47:48,286] {scheduler_job.py:190} INFO - Processing /opt/airflow/dags/folder/my_module.py took 3.599 seconds
[2022-10-18 17:48:18,633] {scheduler_job.py:182} INFO - Started process (PID=90) to work on /opt/airflow/dags/folder/my_module.py
[2022-10-18 17:48:18,637] {scheduler_job.py:629} INFO - Processing file /opt/airflow/dags/folder/my_module.py for tasks to queue
[2022-10-18 17:48:18,641] {logging_mixin.py:104} INFO - [2022-10-18 17:48:18,640] {dagbag.py:448} INFO - Filling up the DagBag from /opt/airflow/dags/folder/my_module.py
[2022-10-18 17:48:20,001] {scheduler_job.py:639} INFO - DAG(s) dict_keys(['trending_hashtags']) retrieved from /opt/airflow/dags/folder/my_module.py
[2022-10-18 17:48:20,037] {logging_mixin.py:104} INFO - [2022-10-18 17:48:20,036] {dag.py:1818} INFO - Sync 1 DAGs
[2022-10-18 17:48:20,081] {logging_mixin.py:104} INFO - [2022-10-18 17:48:20,081] {dag.py:2273} INFO - Setting next_dagrun for trending_hashtags to 2022-10-18 17:42:55.680992+00:00
[2022-10-18 17:48:20,143] {scheduler_job.py:190} INFO - Processing /opt/airflow/dags/folder/my_module.py took 1.520 seconds
[2022-10-18 17:48:51,081] {scheduler_job.py:182} INFO - Started process (PID=121) to work on /opt/airflow/dags/folder/my_module.py
[2022-10-18 17:48:51,083] {scheduler_job.py:629} INFO - Processing file /opt/airflow/dags/folder/my_module.py for tasks to queue
[2022-10-18 17:48:51,086] {logging_mixin.py:104} INFO - [2022-10-18 17:48:51,085] {dagbag.py:448} INFO - Filling up the DagBag from /opt/airflow/dags/folder/my_module.py
[2022-10-18 17:48:52,035] {scheduler_job.py:639} INFO - DAG(s) dict_keys(['trending_hashtags']) retrieved from /opt/airflow/dags/folder/my_module.py
[2022-10-18 17:48:52,107] {logging_mixin.py:104} INFO - [2022-10-18 17:48:52,107] {dag.py:1818} INFO - Sync 1 DAGs
[2022-10-18 17:48:52,182] {logging_mixin.py:104} INFO - [2022-10-18 17:48:52,182] {dag.py:2273} INFO - Setting next_dagrun for trending_hashtags to 2022-10-18 17:42:55.680992+00:00
[2022-10-18 17:48:52,281] {scheduler_job.py:190} INFO - Processing /opt/airflow/dags/folder/my_module.py took 1.205 seconds
[2022-10-18 17:50:30,425] {scheduler_job.py:182} INFO - Started process (PID=30) to work on /opt/airflow/dags/folder/my_module.py
[2022-10-18 17:50:30,432] {scheduler_job.py:629} INFO - Processing file /opt/airflow/dags/folder/my_module.py for tasks to queue
[2022-10-18 17:50:30,447] {logging_mixin.py:104} INFO - [2022-10-18 17:50:30,447] {dagbag.py:448} INFO - Filling up the DagBag from /opt/airflow/dags/folder/my_module.py
[2022-10-18 17:50:33,568] {scheduler_job.py:639} INFO - DAG(s) dict_keys(['trending_hashtags']) retrieved from /opt/airflow/dags/folder/my_module.py
[2022-10-18 17:50:33,733] {logging_mixin.py:104} INFO - [2022-10-18 17:50:33,733] {dag.py:1818} INFO - Sync 1 DAGs
[2022-10-18 17:50:33,829] {logging_mixin.py:104} INFO - [2022-10-18 17:50:33,829] {dag.py:2273} INFO - Setting next_dagrun for trending_hashtags to 2022-10-18 17:42:55.680992+00:00
[2022-10-18 17:50:33,941] {scheduler_job.py:190} INFO - Processing /opt/airflow/dags/folder/my_module.py took 3.531 seconds
[2022-10-18 17:51:04,056] {scheduler_job.py:182} INFO - Started process (PID=59) to work on /opt/airflow/dags/folder/my_module.py
[2022-10-18 17:51:04,060] {scheduler_job.py:629} INFO - Processing file /opt/airflow/dags/folder/my_module.py for tasks to queue
[2022-10-18 17:51:04,068] {logging_mixin.py:104} INFO - [2022-10-18 17:51:04,067] {dagbag.py:448} INFO - Filling up the DagBag from /opt/airflow/dags/folder/my_module.py
[2022-10-18 17:51:12,617] {scheduler_job.py:639} INFO - DAG(s) dict_keys(['trending_hashtags']) retrieved from /opt/airflow/dags/folder/my_module.py
[2022-10-18 17:51:12,680] {logging_mixin.py:104} INFO - [2022-10-18 17:51:12,680] {dag.py:1818} INFO - Sync 1 DAGs
[2022-10-18 17:51:12,738] {logging_mixin.py:104} INFO - [2022-10-18 17:51:12,738] {dag.py:2273} INFO - Setting next_dagrun for trending_hashtags to 2022-10-18 17:42:55.680992+00:00
[2022-10-18 17:51:12,772] {scheduler_job.py:190} INFO - Processing /opt/airflow/dags/folder/my_module.py took 8.722 seconds
[2022-10-18 17:51:43,062] {scheduler_job.py:182} INFO - Started process (PID=89) to work on /opt/airflow/dags/folder/my_module.py
[2022-10-18 17:51:43,066] {scheduler_job.py:629} INFO - Processing file /opt/airflow/dags/folder/my_module.py for tasks to queue
[2022-10-18 17:51:43,068] {logging_mixin.py:104} INFO - [2022-10-18 17:51:43,067] {dagbag.py:448} INFO - Filling up the DagBag from /opt/airflow/dags/folder/my_module.py
[2022-10-18 17:51:43,703] {scheduler_job.py:639} INFO - DAG(s) dict_keys(['trending_hashtags']) retrieved from /opt/airflow/dags/folder/my_module.py
[2022-10-18 17:51:43,739] {logging_mixin.py:104} INFO - [2022-10-18 17:51:43,739] {dag.py:1818} INFO - Sync 1 DAGs
[2022-10-18 17:51:43,768] {logging_mixin.py:104} INFO - [2022-10-18 17:51:43,768] {dag.py:2273} INFO - Setting next_dagrun for trending_hashtags to 2022-10-18 17:42:55.680992+00:00
[2022-10-18 17:51:43,782] {scheduler_job.py:190} INFO - Processing /opt/airflow/dags/folder/my_module.py took 0.727 seconds
[2022-10-18 17:52:14,795] {scheduler_job.py:182} INFO - Started process (PID=120) to work on /opt/airflow/dags/folder/my_module.py
[2022-10-18 17:52:14,797] {scheduler_job.py:629} INFO - Processing file /opt/airflow/dags/folder/my_module.py for tasks to queue
[2022-10-18 17:52:14,802] {logging_mixin.py:104} INFO - [2022-10-18 17:52:14,802] {dagbag.py:448} INFO - Filling up the DagBag from /opt/airflow/dags/folder/my_module.py
[2022-10-18 17:52:15,615] {scheduler_job.py:639} INFO - DAG(s) dict_keys(['trending_hashtags']) retrieved from /opt/airflow/dags/folder/my_module.py
[2022-10-18 17:52:15,650] {logging_mixin.py:104} INFO - [2022-10-18 17:52:15,650] {dag.py:1818} INFO - Sync 1 DAGs
[2022-10-18 17:52:15,691] {logging_mixin.py:104} INFO - [2022-10-18 17:52:15,690] {dag.py:2273} INFO - Setting next_dagrun for trending_hashtags to 2022-10-18 17:42:55.680992+00:00
[2022-10-18 17:52:15,709] {scheduler_job.py:190} INFO - Processing /opt/airflow/dags/folder/my_module.py took 0.921 seconds
[2022-10-18 17:52:46,224] {scheduler_job.py:182} INFO - Started process (PID=151) to work on /opt/airflow/dags/folder/my_module.py
[2022-10-18 17:52:46,226] {scheduler_job.py:629} INFO - Processing file /opt/airflow/dags/folder/my_module.py for tasks to queue
[2022-10-18 17:52:46,230] {logging_mixin.py:104} INFO - [2022-10-18 17:52:46,230] {dagbag.py:448} INFO - Filling up the DagBag from /opt/airflow/dags/folder/my_module.py
[2022-10-18 17:52:47,342] {scheduler_job.py:639} INFO - DAG(s) dict_keys(['trending_hashtags']) retrieved from /opt/airflow/dags/folder/my_module.py
[2022-10-18 17:52:47,369] {logging_mixin.py:104} INFO - [2022-10-18 17:52:47,369] {dag.py:1818} INFO - Sync 1 DAGs
[2022-10-18 17:52:47,392] {logging_mixin.py:104} INFO - [2022-10-18 17:52:47,392] {dag.py:2273} INFO - Setting next_dagrun for trending_hashtags to 2022-10-18 17:42:55.680992+00:00
[2022-10-18 17:52:47,405] {scheduler_job.py:190} INFO - Processing /opt/airflow/dags/folder/my_module.py took 1.187 seconds
[2022-10-18 17:53:18,458] {scheduler_job.py:182} INFO - Started process (PID=183) to work on /opt/airflow/dags/folder/my_module.py
[2022-10-18 17:53:18,477] {scheduler_job.py:629} INFO - Processing file /opt/airflow/dags/folder/my_module.py for tasks to queue
[2022-10-18 17:53:18,481] {logging_mixin.py:104} INFO - [2022-10-18 17:53:18,481] {dagbag.py:448} INFO - Filling up the DagBag from /opt/airflow/dags/folder/my_module.py
[2022-10-18 17:53:20,632] {scheduler_job.py:639} INFO - DAG(s) dict_keys(['trending_hashtags']) retrieved from /opt/airflow/dags/folder/my_module.py
[2022-10-18 17:53:20,692] {logging_mixin.py:104} INFO - [2022-10-18 17:53:20,692] {dag.py:1818} INFO - Sync 1 DAGs
[2022-10-18 17:53:20,738] {logging_mixin.py:104} INFO - [2022-10-18 17:53:20,738] {dag.py:2273} INFO - Setting next_dagrun for trending_hashtags to 2022-10-18 17:42:55.680992+00:00
[2022-10-18 17:53:20,762] {scheduler_job.py:190} INFO - Processing /opt/airflow/dags/folder/my_module.py took 2.309 seconds
[2022-10-18 17:53:50,865] {scheduler_job.py:182} INFO - Started process (PID=213) to work on /opt/airflow/dags/folder/my_module.py
[2022-10-18 17:53:50,867] {scheduler_job.py:629} INFO - Processing file /opt/airflow/dags/folder/my_module.py for tasks to queue
[2022-10-18 17:53:50,871] {logging_mixin.py:104} INFO - [2022-10-18 17:53:50,871] {dagbag.py:448} INFO - Filling up the DagBag from /opt/airflow/dags/folder/my_module.py
[2022-10-18 17:53:52,058] {scheduler_job.py:639} INFO - DAG(s) dict_keys(['trending_hashtags']) retrieved from /opt/airflow/dags/folder/my_module.py
[2022-10-18 17:53:52,092] {logging_mixin.py:104} INFO - [2022-10-18 17:53:52,092] {dag.py:1818} INFO - Sync 1 DAGs
[2022-10-18 17:53:52,121] {logging_mixin.py:104} INFO - [2022-10-18 17:53:52,120] {dag.py:2273} INFO - Setting next_dagrun for trending_hashtags to 2022-10-18 17:42:55.680992+00:00
[2022-10-18 17:53:52,156] {scheduler_job.py:190} INFO - Processing /opt/airflow/dags/folder/my_module.py took 1.297 seconds
[2022-10-18 17:56:13,650] {scheduler_job.py:182} INFO - Started process (PID=43) to work on /opt/airflow/dags/folder/my_module.py
[2022-10-18 17:56:13,657] {scheduler_job.py:629} INFO - Processing file /opt/airflow/dags/folder/my_module.py for tasks to queue
[2022-10-18 17:56:13,661] {logging_mixin.py:104} INFO - [2022-10-18 17:56:13,661] {dagbag.py:448} INFO - Filling up the DagBag from /opt/airflow/dags/folder/my_module.py
[2022-10-18 17:56:15,061] {scheduler_job.py:639} INFO - DAG(s) dict_keys(['trending_hashtags']) retrieved from /opt/airflow/dags/folder/my_module.py
[2022-10-18 17:56:15,119] {logging_mixin.py:104} INFO - [2022-10-18 17:56:15,119] {dag.py:1818} INFO - Sync 1 DAGs
[2022-10-18 17:56:15,152] {logging_mixin.py:104} INFO - [2022-10-18 17:56:15,152] {dag.py:2273} INFO - Setting next_dagrun for trending_hashtags to 2022-10-18 17:42:55.680992+00:00
[2022-10-18 17:56:15,179] {scheduler_job.py:190} INFO - Processing /opt/airflow/dags/folder/my_module.py took 1.543 seconds
[2022-10-18 17:56:53,255] {scheduler_job.py:182} INFO - Started process (PID=76) to work on /opt/airflow/dags/folder/my_module.py
[2022-10-18 17:56:53,270] {scheduler_job.py:629} INFO - Processing file /opt/airflow/dags/folder/my_module.py for tasks to queue
[2022-10-18 17:56:53,284] {logging_mixin.py:104} INFO - [2022-10-18 17:56:53,284] {dagbag.py:448} INFO - Filling up the DagBag from /opt/airflow/dags/folder/my_module.py
[2022-10-18 17:56:53,895] {scheduler_job.py:639} INFO - DAG(s) dict_keys(['trending_hashtags']) retrieved from /opt/airflow/dags/folder/my_module.py
[2022-10-18 17:56:53,917] {logging_mixin.py:104} INFO - [2022-10-18 17:56:53,917] {dag.py:1818} INFO - Sync 1 DAGs
[2022-10-18 17:56:53,938] {logging_mixin.py:104} INFO - [2022-10-18 17:56:53,938] {dag.py:2273} INFO - Setting next_dagrun for trending_hashtags to 2022-10-18 17:42:55.680992+00:00
[2022-10-18 17:56:53,952] {scheduler_job.py:190} INFO - Processing /opt/airflow/dags/folder/my_module.py took 0.703 seconds
[2022-10-18 17:57:24,814] {scheduler_job.py:182} INFO - Started process (PID=106) to work on /opt/airflow/dags/folder/my_module.py
[2022-10-18 17:57:24,822] {scheduler_job.py:629} INFO - Processing file /opt/airflow/dags/folder/my_module.py for tasks to queue
[2022-10-18 17:57:24,827] {logging_mixin.py:104} INFO - [2022-10-18 17:57:24,827] {dagbag.py:448} INFO - Filling up the DagBag from /opt/airflow/dags/folder/my_module.py
[2022-10-18 17:57:25,336] {scheduler_job.py:639} INFO - DAG(s) dict_keys(['trending_hashtags']) retrieved from /opt/airflow/dags/folder/my_module.py
[2022-10-18 17:57:25,411] {logging_mixin.py:104} INFO - [2022-10-18 17:57:25,411] {dag.py:1818} INFO - Sync 1 DAGs
[2022-10-18 17:57:25,442] {logging_mixin.py:104} INFO - [2022-10-18 17:57:25,441] {dag.py:2273} INFO - Setting next_dagrun for trending_hashtags to 2022-10-18 17:42:55.680992+00:00
[2022-10-18 17:57:25,469] {scheduler_job.py:190} INFO - Processing /opt/airflow/dags/folder/my_module.py took 0.661 seconds
[2022-10-18 17:59:14,623] {scheduler_job.py:182} INFO - Started process (PID=43) to work on /opt/airflow/dags/folder/my_module.py
[2022-10-18 17:59:14,626] {scheduler_job.py:629} INFO - Processing file /opt/airflow/dags/folder/my_module.py for tasks to queue
[2022-10-18 17:59:14,633] {logging_mixin.py:104} INFO - [2022-10-18 17:59:14,632] {dagbag.py:448} INFO - Filling up the DagBag from /opt/airflow/dags/folder/my_module.py
[2022-10-18 17:59:15,284] {scheduler_job.py:639} INFO - DAG(s) dict_keys(['trending_hashtags']) retrieved from /opt/airflow/dags/folder/my_module.py
[2022-10-18 17:59:15,327] {logging_mixin.py:104} INFO - [2022-10-18 17:59:15,327] {dag.py:1818} INFO - Sync 1 DAGs
[2022-10-18 17:59:15,381] {logging_mixin.py:104} INFO - [2022-10-18 17:59:15,381] {dag.py:2273} INFO - Setting next_dagrun for trending_hashtags to 2022-10-18 17:42:55.680992+00:00
[2022-10-18 17:59:15,408] {scheduler_job.py:190} INFO - Processing /opt/airflow/dags/folder/my_module.py took 0.796 seconds
[2022-10-18 17:59:46,138] {scheduler_job.py:182} INFO - Started process (PID=74) to work on /opt/airflow/dags/folder/my_module.py
[2022-10-18 17:59:46,141] {scheduler_job.py:629} INFO - Processing file /opt/airflow/dags/folder/my_module.py for tasks to queue
[2022-10-18 17:59:46,143] {logging_mixin.py:104} INFO - [2022-10-18 17:59:46,143] {dagbag.py:448} INFO - Filling up the DagBag from /opt/airflow/dags/folder/my_module.py
[2022-10-18 17:59:46,443] {scheduler_job.py:639} INFO - DAG(s) dict_keys(['trending_hashtags']) retrieved from /opt/airflow/dags/folder/my_module.py
[2022-10-18 17:59:46,480] {logging_mixin.py:104} INFO - [2022-10-18 17:59:46,480] {dag.py:1818} INFO - Sync 1 DAGs
[2022-10-18 17:59:46,501] {logging_mixin.py:104} INFO - [2022-10-18 17:59:46,501] {dag.py:2273} INFO - Setting next_dagrun for trending_hashtags to 2022-10-18 17:42:55.680992+00:00
[2022-10-18 17:59:46,515] {scheduler_job.py:190} INFO - Processing /opt/airflow/dags/folder/my_module.py took 0.385 seconds
[2022-10-18 18:00:17,244] {scheduler_job.py:182} INFO - Started process (PID=104) to work on /opt/airflow/dags/folder/my_module.py
[2022-10-18 18:00:17,247] {scheduler_job.py:629} INFO - Processing file /opt/airflow/dags/folder/my_module.py for tasks to queue
[2022-10-18 18:00:17,249] {logging_mixin.py:104} INFO - [2022-10-18 18:00:17,249] {dagbag.py:448} INFO - Filling up the DagBag from /opt/airflow/dags/folder/my_module.py
[2022-10-18 18:00:17,695] {scheduler_job.py:639} INFO - DAG(s) dict_keys(['trending_hashtags']) retrieved from /opt/airflow/dags/folder/my_module.py
[2022-10-18 18:00:17,732] {logging_mixin.py:104} INFO - [2022-10-18 18:00:17,732] {dag.py:1818} INFO - Sync 1 DAGs
[2022-10-18 18:00:17,761] {logging_mixin.py:104} INFO - [2022-10-18 18:00:17,761] {dag.py:2273} INFO - Setting next_dagrun for trending_hashtags to 2022-10-18 17:42:55.680992+00:00
[2022-10-18 18:00:17,782] {scheduler_job.py:190} INFO - Processing /opt/airflow/dags/folder/my_module.py took 0.544 seconds
[2022-10-18 18:00:48,157] {scheduler_job.py:182} INFO - Started process (PID=134) to work on /opt/airflow/dags/folder/my_module.py
[2022-10-18 18:00:48,162] {scheduler_job.py:629} INFO - Processing file /opt/airflow/dags/folder/my_module.py for tasks to queue
[2022-10-18 18:00:48,165] {logging_mixin.py:104} INFO - [2022-10-18 18:00:48,164] {dagbag.py:448} INFO - Filling up the DagBag from /opt/airflow/dags/folder/my_module.py
[2022-10-18 18:00:48,717] {scheduler_job.py:639} INFO - DAG(s) dict_keys(['trending_hashtags']) retrieved from /opt/airflow/dags/folder/my_module.py
[2022-10-18 18:00:48,812] {logging_mixin.py:104} INFO - [2022-10-18 18:00:48,812] {dag.py:1818} INFO - Sync 1 DAGs
[2022-10-18 18:00:48,845] {logging_mixin.py:104} INFO - [2022-10-18 18:00:48,845] {dag.py:2273} INFO - Setting next_dagrun for trending_hashtags to 2022-10-18 17:42:55.680992+00:00
[2022-10-18 18:00:48,873] {scheduler_job.py:190} INFO - Processing /opt/airflow/dags/folder/my_module.py took 0.723 seconds
[2022-10-18 18:01:19,524] {scheduler_job.py:182} INFO - Started process (PID=165) to work on /opt/airflow/dags/folder/my_module.py
[2022-10-18 18:01:19,529] {scheduler_job.py:629} INFO - Processing file /opt/airflow/dags/folder/my_module.py for tasks to queue
[2022-10-18 18:01:19,534] {logging_mixin.py:104} INFO - [2022-10-18 18:01:19,533] {dagbag.py:448} INFO - Filling up the DagBag from /opt/airflow/dags/folder/my_module.py
[2022-10-18 18:01:19,965] {scheduler_job.py:639} INFO - DAG(s) dict_keys(['trending_hashtags']) retrieved from /opt/airflow/dags/folder/my_module.py
[2022-10-18 18:01:19,990] {logging_mixin.py:104} INFO - [2022-10-18 18:01:19,989] {dag.py:1818} INFO - Sync 1 DAGs
[2022-10-18 18:01:20,010] {logging_mixin.py:104} INFO - [2022-10-18 18:01:20,010] {dag.py:2273} INFO - Setting next_dagrun for trending_hashtags to 2022-10-18 17:42:55.680992+00:00
[2022-10-18 18:01:20,033] {scheduler_job.py:190} INFO - Processing /opt/airflow/dags/folder/my_module.py took 0.515 seconds
[2022-10-18 18:01:50,420] {scheduler_job.py:182} INFO - Started process (PID=195) to work on /opt/airflow/dags/folder/my_module.py
[2022-10-18 18:01:50,424] {scheduler_job.py:629} INFO - Processing file /opt/airflow/dags/folder/my_module.py for tasks to queue
[2022-10-18 18:01:50,425] {logging_mixin.py:104} INFO - [2022-10-18 18:01:50,425] {dagbag.py:448} INFO - Filling up the DagBag from /opt/airflow/dags/folder/my_module.py
[2022-10-18 18:01:50,731] {scheduler_job.py:639} INFO - DAG(s) dict_keys(['trending_hashtags']) retrieved from /opt/airflow/dags/folder/my_module.py
[2022-10-18 18:01:50,781] {logging_mixin.py:104} INFO - [2022-10-18 18:01:50,781] {dag.py:1818} INFO - Sync 1 DAGs
[2022-10-18 18:01:50,834] {logging_mixin.py:104} INFO - [2022-10-18 18:01:50,834] {dag.py:2273} INFO - Setting next_dagrun for trending_hashtags to 2022-10-18 17:42:55.680992+00:00
[2022-10-18 18:01:50,851] {scheduler_job.py:190} INFO - Processing /opt/airflow/dags/folder/my_module.py took 0.438 seconds
[2022-10-18 18:02:21,244] {scheduler_job.py:182} INFO - Started process (PID=225) to work on /opt/airflow/dags/folder/my_module.py
[2022-10-18 18:02:21,249] {scheduler_job.py:629} INFO - Processing file /opt/airflow/dags/folder/my_module.py for tasks to queue
[2022-10-18 18:02:21,254] {logging_mixin.py:104} INFO - [2022-10-18 18:02:21,253] {dagbag.py:448} INFO - Filling up the DagBag from /opt/airflow/dags/folder/my_module.py
[2022-10-18 18:02:21,691] {scheduler_job.py:639} INFO - DAG(s) dict_keys(['trending_hashtags']) retrieved from /opt/airflow/dags/folder/my_module.py
[2022-10-18 18:02:21,728] {logging_mixin.py:104} INFO - [2022-10-18 18:02:21,728] {dag.py:1818} INFO - Sync 1 DAGs
[2022-10-18 18:02:21,749] {logging_mixin.py:104} INFO - [2022-10-18 18:02:21,748] {dag.py:2273} INFO - Setting next_dagrun for trending_hashtags to 2022-10-18 17:42:55.680992+00:00
[2022-10-18 18:02:21,765] {scheduler_job.py:190} INFO - Processing /opt/airflow/dags/folder/my_module.py took 0.528 seconds
[2022-10-18 18:02:51,978] {scheduler_job.py:182} INFO - Started process (PID=255) to work on /opt/airflow/dags/folder/my_module.py
[2022-10-18 18:02:51,980] {scheduler_job.py:629} INFO - Processing file /opt/airflow/dags/folder/my_module.py for tasks to queue
[2022-10-18 18:02:51,983] {logging_mixin.py:104} INFO - [2022-10-18 18:02:51,982] {dagbag.py:448} INFO - Filling up the DagBag from /opt/airflow/dags/folder/my_module.py
[2022-10-18 18:02:52,472] {scheduler_job.py:639} INFO - DAG(s) dict_keys(['trending_hashtags']) retrieved from /opt/airflow/dags/folder/my_module.py
[2022-10-18 18:02:52,505] {logging_mixin.py:104} INFO - [2022-10-18 18:02:52,505] {dag.py:1818} INFO - Sync 1 DAGs
[2022-10-18 18:02:52,526] {logging_mixin.py:104} INFO - [2022-10-18 18:02:52,526] {dag.py:2273} INFO - Setting next_dagrun for trending_hashtags to 2022-10-18 17:42:55.680992+00:00
[2022-10-18 18:02:52,543] {scheduler_job.py:190} INFO - Processing /opt/airflow/dags/folder/my_module.py took 0.573 seconds
[2022-10-18 18:03:22,654] {scheduler_job.py:182} INFO - Started process (PID=285) to work on /opt/airflow/dags/folder/my_module.py
[2022-10-18 18:03:22,657] {scheduler_job.py:629} INFO - Processing file /opt/airflow/dags/folder/my_module.py for tasks to queue
[2022-10-18 18:03:22,659] {logging_mixin.py:104} INFO - [2022-10-18 18:03:22,659] {dagbag.py:448} INFO - Filling up the DagBag from /opt/airflow/dags/folder/my_module.py
[2022-10-18 18:03:23,178] {scheduler_job.py:639} INFO - DAG(s) dict_keys(['trending_hashtags']) retrieved from /opt/airflow/dags/folder/my_module.py
[2022-10-18 18:03:23,212] {logging_mixin.py:104} INFO - [2022-10-18 18:03:23,212] {dag.py:1818} INFO - Sync 1 DAGs
[2022-10-18 18:03:23,237] {logging_mixin.py:104} INFO - [2022-10-18 18:03:23,237] {dag.py:2273} INFO - Setting next_dagrun for trending_hashtags to 2022-10-18 17:43:23.237719+00:00
[2022-10-18 18:03:23,258] {scheduler_job.py:190} INFO - Processing /opt/airflow/dags/folder/my_module.py took 0.611 seconds
[2022-10-18 18:03:53,421] {scheduler_job.py:182} INFO - Started process (PID=315) to work on /opt/airflow/dags/folder/my_module.py
[2022-10-18 18:03:53,424] {scheduler_job.py:629} INFO - Processing file /opt/airflow/dags/folder/my_module.py for tasks to queue
[2022-10-18 18:03:53,426] {logging_mixin.py:104} INFO - [2022-10-18 18:03:53,425] {dagbag.py:448} INFO - Filling up the DagBag from /opt/airflow/dags/folder/my_module.py
[2022-10-18 18:03:53,875] {scheduler_job.py:639} INFO - DAG(s) dict_keys(['trending_hashtags']) retrieved from /opt/airflow/dags/folder/my_module.py
[2022-10-18 18:03:53,919] {logging_mixin.py:104} INFO - [2022-10-18 18:03:53,919] {dag.py:1818} INFO - Sync 1 DAGs
[2022-10-18 18:03:53,950] {logging_mixin.py:104} INFO - [2022-10-18 18:03:53,950] {dag.py:2273} INFO - Setting next_dagrun for trending_hashtags to 2022-10-18 17:43:53.949737+00:00
[2022-10-18 18:03:53,966] {scheduler_job.py:190} INFO - Processing /opt/airflow/dags/folder/my_module.py took 0.553 seconds
[2022-10-18 18:04:24,052] {scheduler_job.py:182} INFO - Started process (PID=345) to work on /opt/airflow/dags/folder/my_module.py
[2022-10-18 18:04:24,055] {scheduler_job.py:629} INFO - Processing file /opt/airflow/dags/folder/my_module.py for tasks to queue
[2022-10-18 18:04:24,058] {logging_mixin.py:104} INFO - [2022-10-18 18:04:24,058] {dagbag.py:448} INFO - Filling up the DagBag from /opt/airflow/dags/folder/my_module.py
[2022-10-18 18:04:24,582] {scheduler_job.py:639} INFO - DAG(s) dict_keys(['trending_hashtags']) retrieved from /opt/airflow/dags/folder/my_module.py
[2022-10-18 18:04:24,613] {logging_mixin.py:104} INFO - [2022-10-18 18:04:24,613] {dag.py:1818} INFO - Sync 1 DAGs
[2022-10-18 18:04:24,654] {logging_mixin.py:104} INFO - [2022-10-18 18:04:24,653] {dag.py:2273} INFO - Setting next_dagrun for trending_hashtags to 2022-10-18 17:44:24.653606+00:00
[2022-10-18 18:04:24,677] {scheduler_job.py:190} INFO - Processing /opt/airflow/dags/folder/my_module.py took 0.631 seconds
[2022-10-18 18:04:55,403] {scheduler_job.py:182} INFO - Started process (PID=375) to work on /opt/airflow/dags/folder/my_module.py
[2022-10-18 18:04:55,409] {scheduler_job.py:629} INFO - Processing file /opt/airflow/dags/folder/my_module.py for tasks to queue
[2022-10-18 18:04:55,411] {logging_mixin.py:104} INFO - [2022-10-18 18:04:55,411] {dagbag.py:448} INFO - Filling up the DagBag from /opt/airflow/dags/folder/my_module.py
[2022-10-18 18:04:55,898] {scheduler_job.py:639} INFO - DAG(s) dict_keys(['trending_hashtags']) retrieved from /opt/airflow/dags/folder/my_module.py
[2022-10-18 18:04:55,944] {logging_mixin.py:104} INFO - [2022-10-18 18:04:55,944] {dag.py:1818} INFO - Sync 1 DAGs
[2022-10-18 18:04:55,969] {logging_mixin.py:104} INFO - [2022-10-18 18:04:55,969] {dag.py:2273} INFO - Setting next_dagrun for trending_hashtags to 2022-10-18 17:44:55.969002+00:00
[2022-10-18 18:04:55,991] {scheduler_job.py:190} INFO - Processing /opt/airflow/dags/folder/my_module.py took 0.594 seconds
[2022-10-18 18:05:26,271] {scheduler_job.py:182} INFO - Started process (PID=405) to work on /opt/airflow/dags/folder/my_module.py
[2022-10-18 18:05:26,276] {scheduler_job.py:629} INFO - Processing file /opt/airflow/dags/folder/my_module.py for tasks to queue
[2022-10-18 18:05:26,280] {logging_mixin.py:104} INFO - [2022-10-18 18:05:26,279] {dagbag.py:448} INFO - Filling up the DagBag from /opt/airflow/dags/folder/my_module.py
[2022-10-18 18:05:26,819] {scheduler_job.py:639} INFO - DAG(s) dict_keys(['trending_hashtags']) retrieved from /opt/airflow/dags/folder/my_module.py
[2022-10-18 18:05:26,861] {logging_mixin.py:104} INFO - [2022-10-18 18:05:26,861] {dag.py:1818} INFO - Sync 1 DAGs
[2022-10-18 18:05:26,891] {logging_mixin.py:104} INFO - [2022-10-18 18:05:26,891] {dag.py:2273} INFO - Setting next_dagrun for trending_hashtags to 2022-10-18 17:45:26.891210+00:00
[2022-10-18 18:05:26,920] {scheduler_job.py:190} INFO - Processing /opt/airflow/dags/folder/my_module.py took 0.654 seconds
[2022-10-18 18:05:57,418] {scheduler_job.py:182} INFO - Started process (PID=435) to work on /opt/airflow/dags/folder/my_module.py
[2022-10-18 18:05:57,422] {scheduler_job.py:629} INFO - Processing file /opt/airflow/dags/folder/my_module.py for tasks to queue
[2022-10-18 18:05:57,424] {logging_mixin.py:104} INFO - [2022-10-18 18:05:57,424] {dagbag.py:448} INFO - Filling up the DagBag from /opt/airflow/dags/folder/my_module.py
[2022-10-18 18:05:57,788] {scheduler_job.py:639} INFO - DAG(s) dict_keys(['trending_hashtags']) retrieved from /opt/airflow/dags/folder/my_module.py
[2022-10-18 18:05:57,856] {logging_mixin.py:104} INFO - [2022-10-18 18:05:57,856] {dag.py:1818} INFO - Sync 1 DAGs
[2022-10-18 18:05:57,915] {logging_mixin.py:104} INFO - [2022-10-18 18:05:57,914] {dag.py:2273} INFO - Setting next_dagrun for trending_hashtags to 2022-10-18 17:45:57.914741+00:00
[2022-10-18 18:05:57,938] {scheduler_job.py:190} INFO - Processing /opt/airflow/dags/folder/my_module.py took 0.525 seconds
[2022-10-18 18:06:28,511] {scheduler_job.py:182} INFO - Started process (PID=465) to work on /opt/airflow/dags/folder/my_module.py
[2022-10-18 18:06:28,515] {scheduler_job.py:629} INFO - Processing file /opt/airflow/dags/folder/my_module.py for tasks to queue
[2022-10-18 18:06:28,517] {logging_mixin.py:104} INFO - [2022-10-18 18:06:28,517] {dagbag.py:448} INFO - Filling up the DagBag from /opt/airflow/dags/folder/my_module.py
[2022-10-18 18:06:29,002] {scheduler_job.py:639} INFO - DAG(s) dict_keys(['trending_hashtags']) retrieved from /opt/airflow/dags/folder/my_module.py
[2022-10-18 18:06:29,035] {logging_mixin.py:104} INFO - [2022-10-18 18:06:29,035] {dag.py:1818} INFO - Sync 1 DAGs
[2022-10-18 18:06:29,062] {logging_mixin.py:104} INFO - [2022-10-18 18:06:29,062] {dag.py:2273} INFO - Setting next_dagrun for trending_hashtags to 2022-10-18 17:46:29.062346+00:00
[2022-10-18 18:06:29,085] {scheduler_job.py:190} INFO - Processing /opt/airflow/dags/folder/my_module.py took 0.581 seconds
[2022-10-18 18:08:36,953] {scheduler_job.py:182} INFO - Started process (PID=32) to work on /opt/airflow/dags/folder/my_module.py
[2022-10-18 18:08:36,975] {scheduler_job.py:629} INFO - Processing file /opt/airflow/dags/folder/my_module.py for tasks to queue
[2022-10-18 18:08:37,007] {logging_mixin.py:104} INFO - [2022-10-18 18:08:37,006] {dagbag.py:448} INFO - Filling up the DagBag from /opt/airflow/dags/folder/my_module.py
[2022-10-18 18:08:39,357] {scheduler_job.py:639} INFO - DAG(s) dict_keys(['trending_hashtags']) retrieved from /opt/airflow/dags/folder/my_module.py
[2022-10-18 18:08:39,381] {logging_mixin.py:104} INFO - [2022-10-18 18:08:39,381] {dag.py:1818} INFO - Sync 1 DAGs
[2022-10-18 18:08:39,402] {logging_mixin.py:104} INFO - [2022-10-18 18:08:39,402] {dag.py:2273} INFO - Setting next_dagrun for trending_hashtags to 2022-10-18 17:48:39.402509+00:00
[2022-10-18 18:08:39,452] {scheduler_job.py:190} INFO - Processing /opt/airflow/dags/folder/my_module.py took 2.570 seconds
[2022-10-18 18:09:14,424] {scheduler_job.py:182} INFO - Started process (PID=63) to work on /opt/airflow/dags/folder/my_module.py
[2022-10-18 18:09:14,440] {scheduler_job.py:629} INFO - Processing file /opt/airflow/dags/folder/my_module.py for tasks to queue
[2022-10-18 18:09:14,456] {logging_mixin.py:104} INFO - [2022-10-18 18:09:14,453] {dagbag.py:448} INFO - Filling up the DagBag from /opt/airflow/dags/folder/my_module.py
[2022-10-18 18:09:16,355] {scheduler_job.py:639} INFO - DAG(s) dict_keys(['trending_hashtags']) retrieved from /opt/airflow/dags/folder/my_module.py
[2022-10-18 18:09:16,431] {logging_mixin.py:104} INFO - [2022-10-18 18:09:16,431] {dag.py:1818} INFO - Sync 1 DAGs
[2022-10-18 18:09:16,462] {logging_mixin.py:104} INFO - [2022-10-18 18:09:16,462] {dag.py:2273} INFO - Setting next_dagrun for trending_hashtags to 2022-10-18 17:49:16.462290+00:00
[2022-10-18 18:09:16,486] {scheduler_job.py:190} INFO - Processing /opt/airflow/dags/folder/my_module.py took 2.170 seconds
[2022-10-18 18:09:46,754] {scheduler_job.py:182} INFO - Started process (PID=98) to work on /opt/airflow/dags/folder/my_module.py
[2022-10-18 18:09:46,757] {scheduler_job.py:629} INFO - Processing file /opt/airflow/dags/folder/my_module.py for tasks to queue
[2022-10-18 18:09:46,760] {logging_mixin.py:104} INFO - [2022-10-18 18:09:46,759] {dagbag.py:448} INFO - Filling up the DagBag from /opt/airflow/dags/folder/my_module.py
[2022-10-18 18:09:47,481] {scheduler_job.py:639} INFO - DAG(s) dict_keys(['trending_hashtags']) retrieved from /opt/airflow/dags/folder/my_module.py
[2022-10-18 18:09:47,510] {logging_mixin.py:104} INFO - [2022-10-18 18:09:47,509] {dag.py:1818} INFO - Sync 1 DAGs
[2022-10-18 18:09:47,535] {logging_mixin.py:104} INFO - [2022-10-18 18:09:47,535] {dag.py:2273} INFO - Setting next_dagrun for trending_hashtags to 2022-10-18 17:49:47.534815+00:00
[2022-10-18 18:09:47,550] {scheduler_job.py:190} INFO - Processing /opt/airflow/dags/folder/my_module.py took 0.805 seconds
[2022-10-18 18:10:20,457] {scheduler_job.py:182} INFO - Started process (PID=137) to work on /opt/airflow/dags/folder/my_module.py
[2022-10-18 18:10:20,463] {scheduler_job.py:629} INFO - Processing file /opt/airflow/dags/folder/my_module.py for tasks to queue
[2022-10-18 18:10:20,466] {logging_mixin.py:104} INFO - [2022-10-18 18:10:20,466] {dagbag.py:448} INFO - Filling up the DagBag from /opt/airflow/dags/folder/my_module.py
[2022-10-18 18:10:21,259] {scheduler_job.py:639} INFO - DAG(s) dict_keys(['trending_hashtags']) retrieved from /opt/airflow/dags/folder/my_module.py
[2022-10-18 18:10:21,281] {logging_mixin.py:104} INFO - [2022-10-18 18:10:21,281] {dag.py:1818} INFO - Sync 1 DAGs
[2022-10-18 18:10:21,306] {logging_mixin.py:104} INFO - [2022-10-18 18:10:21,306] {dag.py:2273} INFO - Setting next_dagrun for trending_hashtags to 2022-10-18 17:50:21.306413+00:00
[2022-10-18 18:10:21,326] {scheduler_job.py:190} INFO - Processing /opt/airflow/dags/folder/my_module.py took 0.881 seconds
[2022-10-18 18:10:52,691] {scheduler_job.py:182} INFO - Started process (PID=167) to work on /opt/airflow/dags/folder/my_module.py
[2022-10-18 18:10:52,694] {scheduler_job.py:629} INFO - Processing file /opt/airflow/dags/folder/my_module.py for tasks to queue
[2022-10-18 18:10:52,698] {logging_mixin.py:104} INFO - [2022-10-18 18:10:52,698] {dagbag.py:448} INFO - Filling up the DagBag from /opt/airflow/dags/folder/my_module.py
[2022-10-18 18:10:53,222] {scheduler_job.py:639} INFO - DAG(s) dict_keys(['trending_hashtags']) retrieved from /opt/airflow/dags/folder/my_module.py
[2022-10-18 18:10:53,264] {logging_mixin.py:104} INFO - [2022-10-18 18:10:53,264] {dag.py:1818} INFO - Sync 1 DAGs
[2022-10-18 18:10:53,284] {logging_mixin.py:104} INFO - [2022-10-18 18:10:53,284] {dag.py:2273} INFO - Setting next_dagrun for trending_hashtags to 2022-10-18 17:50:53.284290+00:00
[2022-10-18 18:10:53,308] {scheduler_job.py:190} INFO - Processing /opt/airflow/dags/folder/my_module.py took 0.625 seconds
[2022-10-18 18:11:23,923] {scheduler_job.py:182} INFO - Started process (PID=198) to work on /opt/airflow/dags/folder/my_module.py
[2022-10-18 18:11:23,926] {scheduler_job.py:629} INFO - Processing file /opt/airflow/dags/folder/my_module.py for tasks to queue
[2022-10-18 18:11:23,931] {logging_mixin.py:104} INFO - [2022-10-18 18:11:23,931] {dagbag.py:448} INFO - Filling up the DagBag from /opt/airflow/dags/folder/my_module.py
[2022-10-18 18:11:24,561] {scheduler_job.py:639} INFO - DAG(s) dict_keys(['trending_hashtags']) retrieved from /opt/airflow/dags/folder/my_module.py
[2022-10-18 18:11:24,597] {logging_mixin.py:104} INFO - [2022-10-18 18:11:24,595] {dag.py:1818} INFO - Sync 1 DAGs
[2022-10-18 18:11:24,620] {logging_mixin.py:104} INFO - [2022-10-18 18:11:24,620] {dag.py:2273} INFO - Setting next_dagrun for trending_hashtags to 2022-10-18 17:51:24.619972+00:00
[2022-10-18 18:11:24,635] {scheduler_job.py:190} INFO - Processing /opt/airflow/dags/folder/my_module.py took 0.720 seconds
[2022-10-18 18:14:13,931] {scheduler_job.py:182} INFO - Started process (PID=225) to work on /opt/airflow/dags/folder/my_module.py
[2022-10-18 18:14:13,936] {scheduler_job.py:629} INFO - Processing file /opt/airflow/dags/folder/my_module.py for tasks to queue
[2022-10-18 18:14:13,944] {logging_mixin.py:104} INFO - [2022-10-18 18:14:13,941] {dagbag.py:448} INFO - Filling up the DagBag from /opt/airflow/dags/folder/my_module.py
[2022-10-18 18:14:14,738] {scheduler_job.py:639} INFO - DAG(s) dict_keys(['trending_hashtags']) retrieved from /opt/airflow/dags/folder/my_module.py
[2022-10-18 18:14:14,771] {logging_mixin.py:104} INFO - [2022-10-18 18:14:14,771] {dag.py:1818} INFO - Sync 1 DAGs
[2022-10-18 18:14:14,807] {logging_mixin.py:104} INFO - [2022-10-18 18:14:14,807] {dag.py:2273} INFO - Setting next_dagrun for trending_hashtags to 2022-10-18 17:54:14.807338+00:00
[2022-10-18 18:14:14,831] {scheduler_job.py:190} INFO - Processing /opt/airflow/dags/folder/my_module.py took 0.910 seconds
[2022-10-18 18:14:45,314] {scheduler_job.py:182} INFO - Started process (PID=259) to work on /opt/airflow/dags/folder/my_module.py
[2022-10-18 18:14:45,323] {scheduler_job.py:629} INFO - Processing file /opt/airflow/dags/folder/my_module.py for tasks to queue
[2022-10-18 18:14:45,333] {logging_mixin.py:104} INFO - [2022-10-18 18:14:45,333] {dagbag.py:448} INFO - Filling up the DagBag from /opt/airflow/dags/folder/my_module.py
[2022-10-18 18:14:46,122] {scheduler_job.py:639} INFO - DAG(s) dict_keys(['trending_hashtags']) retrieved from /opt/airflow/dags/folder/my_module.py
[2022-10-18 18:14:46,158] {logging_mixin.py:104} INFO - [2022-10-18 18:14:46,158] {dag.py:1818} INFO - Sync 1 DAGs
[2022-10-18 18:14:46,177] {logging_mixin.py:104} INFO - [2022-10-18 18:14:46,177] {dag.py:2273} INFO - Setting next_dagrun for trending_hashtags to 2022-10-18 17:54:46.177496+00:00
[2022-10-18 18:14:46,194] {scheduler_job.py:190} INFO - Processing /opt/airflow/dags/folder/my_module.py took 0.885 seconds
[2022-10-18 18:15:16,691] {scheduler_job.py:182} INFO - Started process (PID=293) to work on /opt/airflow/dags/folder/my_module.py
[2022-10-18 18:15:16,694] {scheduler_job.py:629} INFO - Processing file /opt/airflow/dags/folder/my_module.py for tasks to queue
[2022-10-18 18:15:16,710] {logging_mixin.py:104} INFO - [2022-10-18 18:15:16,710] {dagbag.py:448} INFO - Filling up the DagBag from /opt/airflow/dags/folder/my_module.py
[2022-10-18 18:15:17,536] {scheduler_job.py:639} INFO - DAG(s) dict_keys(['trending_hashtags']) retrieved from /opt/airflow/dags/folder/my_module.py
[2022-10-18 18:15:17,576] {logging_mixin.py:104} INFO - [2022-10-18 18:15:17,576] {dag.py:1818} INFO - Sync 1 DAGs
[2022-10-18 18:15:17,596] {logging_mixin.py:104} INFO - [2022-10-18 18:15:17,596] {dag.py:2273} INFO - Setting next_dagrun for trending_hashtags to 2022-10-18 17:55:17.596422+00:00
[2022-10-18 18:15:17,609] {scheduler_job.py:190} INFO - Processing /opt/airflow/dags/folder/my_module.py took 0.925 seconds
[2022-10-18 18:15:47,967] {scheduler_job.py:182} INFO - Started process (PID=327) to work on /opt/airflow/dags/folder/my_module.py
[2022-10-18 18:15:47,971] {scheduler_job.py:629} INFO - Processing file /opt/airflow/dags/folder/my_module.py for tasks to queue
[2022-10-18 18:15:47,976] {logging_mixin.py:104} INFO - [2022-10-18 18:15:47,976] {dagbag.py:448} INFO - Filling up the DagBag from /opt/airflow/dags/folder/my_module.py
[2022-10-18 18:15:48,714] {scheduler_job.py:639} INFO - DAG(s) dict_keys(['trending_hashtags']) retrieved from /opt/airflow/dags/folder/my_module.py
[2022-10-18 18:15:48,755] {logging_mixin.py:104} INFO - [2022-10-18 18:15:48,755] {dag.py:1818} INFO - Sync 1 DAGs
[2022-10-18 18:15:48,781] {logging_mixin.py:104} INFO - [2022-10-18 18:15:48,780] {dag.py:2273} INFO - Setting next_dagrun for trending_hashtags to 2022-10-18 17:55:48.780683+00:00
[2022-10-18 18:15:48,796] {scheduler_job.py:190} INFO - Processing /opt/airflow/dags/folder/my_module.py took 0.837 seconds
[2022-10-18 18:16:20,419] {scheduler_job.py:182} INFO - Started process (PID=361) to work on /opt/airflow/dags/folder/my_module.py
[2022-10-18 18:16:20,428] {scheduler_job.py:629} INFO - Processing file /opt/airflow/dags/folder/my_module.py for tasks to queue
[2022-10-18 18:16:20,434] {logging_mixin.py:104} INFO - [2022-10-18 18:16:20,433] {dagbag.py:448} INFO - Filling up the DagBag from /opt/airflow/dags/folder/my_module.py
[2022-10-18 18:16:21,096] {scheduler_job.py:639} INFO - DAG(s) dict_keys(['trending_hashtags']) retrieved from /opt/airflow/dags/folder/my_module.py
[2022-10-18 18:16:21,130] {logging_mixin.py:104} INFO - [2022-10-18 18:16:21,130] {dag.py:1818} INFO - Sync 1 DAGs
[2022-10-18 18:16:21,152] {logging_mixin.py:104} INFO - [2022-10-18 18:16:21,152] {dag.py:2273} INFO - Setting next_dagrun for trending_hashtags to 2022-10-18 17:56:21.152317+00:00
[2022-10-18 18:16:21,175] {scheduler_job.py:190} INFO - Processing /opt/airflow/dags/folder/my_module.py took 0.779 seconds
[2022-10-18 18:16:51,960] {scheduler_job.py:182} INFO - Started process (PID=392) to work on /opt/airflow/dags/folder/my_module.py
[2022-10-18 18:16:51,965] {scheduler_job.py:629} INFO - Processing file /opt/airflow/dags/folder/my_module.py for tasks to queue
[2022-10-18 18:16:51,968] {logging_mixin.py:104} INFO - [2022-10-18 18:16:51,968] {dagbag.py:448} INFO - Filling up the DagBag from /opt/airflow/dags/folder/my_module.py
[2022-10-18 18:16:52,709] {scheduler_job.py:639} INFO - DAG(s) dict_keys(['trending_hashtags']) retrieved from /opt/airflow/dags/folder/my_module.py
[2022-10-18 18:16:52,762] {logging_mixin.py:104} INFO - [2022-10-18 18:16:52,761] {dag.py:1818} INFO - Sync 1 DAGs
[2022-10-18 18:16:52,781] {logging_mixin.py:104} INFO - [2022-10-18 18:16:52,781] {dag.py:2273} INFO - Setting next_dagrun for trending_hashtags to 2022-10-18 17:56:52.780926+00:00
[2022-10-18 18:16:52,797] {scheduler_job.py:190} INFO - Processing /opt/airflow/dags/folder/my_module.py took 0.843 seconds
[2022-10-18 18:17:23,722] {scheduler_job.py:182} INFO - Started process (PID=422) to work on /opt/airflow/dags/folder/my_module.py
[2022-10-18 18:17:23,728] {scheduler_job.py:629} INFO - Processing file /opt/airflow/dags/folder/my_module.py for tasks to queue
[2022-10-18 18:17:23,730] {logging_mixin.py:104} INFO - [2022-10-18 18:17:23,730] {dagbag.py:448} INFO - Filling up the DagBag from /opt/airflow/dags/folder/my_module.py
[2022-10-18 18:17:24,324] {scheduler_job.py:639} INFO - DAG(s) dict_keys(['trending_hashtags']) retrieved from /opt/airflow/dags/folder/my_module.py
[2022-10-18 18:17:24,353] {logging_mixin.py:104} INFO - [2022-10-18 18:17:24,353] {dag.py:1818} INFO - Sync 1 DAGs
[2022-10-18 18:17:24,408] {logging_mixin.py:104} INFO - [2022-10-18 18:17:24,407] {dag.py:2273} INFO - Setting next_dagrun for trending_hashtags to 2022-10-18 17:57:24.407524+00:00
[2022-10-18 18:17:24,450] {scheduler_job.py:190} INFO - Processing /opt/airflow/dags/folder/my_module.py took 0.735 seconds
[2022-10-18 18:17:55,610] {scheduler_job.py:182} INFO - Started process (PID=452) to work on /opt/airflow/dags/folder/my_module.py
[2022-10-18 18:17:55,614] {scheduler_job.py:629} INFO - Processing file /opt/airflow/dags/folder/my_module.py for tasks to queue
[2022-10-18 18:17:55,616] {logging_mixin.py:104} INFO - [2022-10-18 18:17:55,616] {dagbag.py:448} INFO - Filling up the DagBag from /opt/airflow/dags/folder/my_module.py
[2022-10-18 18:17:56,281] {scheduler_job.py:639} INFO - DAG(s) dict_keys(['trending_hashtags']) retrieved from /opt/airflow/dags/folder/my_module.py
[2022-10-18 18:17:56,318] {logging_mixin.py:104} INFO - [2022-10-18 18:17:56,318] {dag.py:1818} INFO - Sync 1 DAGs
[2022-10-18 18:17:56,333] {logging_mixin.py:104} INFO - [2022-10-18 18:17:56,333] {dag.py:2273} INFO - Setting next_dagrun for trending_hashtags to 2022-10-18 17:57:56.333429+00:00
[2022-10-18 18:17:56,349] {scheduler_job.py:190} INFO - Processing /opt/airflow/dags/folder/my_module.py took 0.749 seconds
[2022-10-18 18:18:26,916] {scheduler_job.py:182} INFO - Started process (PID=482) to work on /opt/airflow/dags/folder/my_module.py
[2022-10-18 18:18:26,920] {scheduler_job.py:629} INFO - Processing file /opt/airflow/dags/folder/my_module.py for tasks to queue
[2022-10-18 18:18:26,925] {logging_mixin.py:104} INFO - [2022-10-18 18:18:26,922] {dagbag.py:448} INFO - Filling up the DagBag from /opt/airflow/dags/folder/my_module.py
[2022-10-18 18:18:27,529] {scheduler_job.py:639} INFO - DAG(s) dict_keys(['trending_hashtags']) retrieved from /opt/airflow/dags/folder/my_module.py
[2022-10-18 18:18:27,563] {logging_mixin.py:104} INFO - [2022-10-18 18:18:27,563] {dag.py:1818} INFO - Sync 1 DAGs
[2022-10-18 18:18:27,585] {logging_mixin.py:104} INFO - [2022-10-18 18:18:27,585] {dag.py:2273} INFO - Setting next_dagrun for trending_hashtags to 2022-10-18 17:58:27.585329+00:00
[2022-10-18 18:18:27,598] {scheduler_job.py:190} INFO - Processing /opt/airflow/dags/folder/my_module.py took 0.693 seconds
[2022-10-18 18:18:58,511] {scheduler_job.py:182} INFO - Started process (PID=512) to work on /opt/airflow/dags/folder/my_module.py
[2022-10-18 18:18:58,515] {scheduler_job.py:629} INFO - Processing file /opt/airflow/dags/folder/my_module.py for tasks to queue
[2022-10-18 18:18:58,517] {logging_mixin.py:104} INFO - [2022-10-18 18:18:58,517] {dagbag.py:448} INFO - Filling up the DagBag from /opt/airflow/dags/folder/my_module.py
[2022-10-18 18:18:59,042] {scheduler_job.py:639} INFO - DAG(s) dict_keys(['trending_hashtags']) retrieved from /opt/airflow/dags/folder/my_module.py
[2022-10-18 18:18:59,070] {logging_mixin.py:104} INFO - [2022-10-18 18:18:59,069] {dag.py:1818} INFO - Sync 1 DAGs
[2022-10-18 18:18:59,088] {logging_mixin.py:104} INFO - [2022-10-18 18:18:59,088] {dag.py:2273} INFO - Setting next_dagrun for trending_hashtags to 2022-10-18 17:58:59.087893+00:00
[2022-10-18 18:18:59,104] {scheduler_job.py:190} INFO - Processing /opt/airflow/dags/folder/my_module.py took 0.600 seconds
[2022-10-18 18:19:29,957] {scheduler_job.py:182} INFO - Started process (PID=542) to work on /opt/airflow/dags/folder/my_module.py
[2022-10-18 18:19:29,962] {scheduler_job.py:629} INFO - Processing file /opt/airflow/dags/folder/my_module.py for tasks to queue
[2022-10-18 18:19:29,966] {logging_mixin.py:104} INFO - [2022-10-18 18:19:29,965] {dagbag.py:448} INFO - Filling up the DagBag from /opt/airflow/dags/folder/my_module.py
[2022-10-18 18:19:30,539] {scheduler_job.py:639} INFO - DAG(s) dict_keys(['trending_hashtags']) retrieved from /opt/airflow/dags/folder/my_module.py
[2022-10-18 18:19:30,576] {logging_mixin.py:104} INFO - [2022-10-18 18:19:30,576] {dag.py:1818} INFO - Sync 1 DAGs
[2022-10-18 18:19:30,606] {logging_mixin.py:104} INFO - [2022-10-18 18:19:30,606] {dag.py:2273} INFO - Setting next_dagrun for trending_hashtags to 2022-10-18 17:59:30.605828+00:00
[2022-10-18 18:19:30,636] {scheduler_job.py:190} INFO - Processing /opt/airflow/dags/folder/my_module.py took 0.690 seconds
[2022-10-18 18:20:00,983] {scheduler_job.py:182} INFO - Started process (PID=572) to work on /opt/airflow/dags/folder/my_module.py
[2022-10-18 18:20:00,989] {scheduler_job.py:629} INFO - Processing file /opt/airflow/dags/folder/my_module.py for tasks to queue
[2022-10-18 18:20:00,997] {logging_mixin.py:104} INFO - [2022-10-18 18:20:00,997] {dagbag.py:448} INFO - Filling up the DagBag from /opt/airflow/dags/folder/my_module.py
[2022-10-18 18:20:01,548] {scheduler_job.py:639} INFO - DAG(s) dict_keys(['trending_hashtags']) retrieved from /opt/airflow/dags/folder/my_module.py
[2022-10-18 18:20:01,586] {logging_mixin.py:104} INFO - [2022-10-18 18:20:01,586] {dag.py:1818} INFO - Sync 1 DAGs
[2022-10-18 18:20:01,613] {logging_mixin.py:104} INFO - [2022-10-18 18:20:01,612] {dag.py:2273} INFO - Setting next_dagrun for trending_hashtags to 2022-10-18 18:00:01.612725+00:00
[2022-10-18 18:20:01,633] {scheduler_job.py:190} INFO - Processing /opt/airflow/dags/folder/my_module.py took 0.658 seconds
[2022-10-18 18:20:32,131] {scheduler_job.py:182} INFO - Started process (PID=602) to work on /opt/airflow/dags/folder/my_module.py
[2022-10-18 18:20:32,138] {scheduler_job.py:629} INFO - Processing file /opt/airflow/dags/folder/my_module.py for tasks to queue
[2022-10-18 18:20:32,142] {logging_mixin.py:104} INFO - [2022-10-18 18:20:32,142] {dagbag.py:448} INFO - Filling up the DagBag from /opt/airflow/dags/folder/my_module.py
[2022-10-18 18:20:32,848] {scheduler_job.py:639} INFO - DAG(s) dict_keys(['trending_hashtags']) retrieved from /opt/airflow/dags/folder/my_module.py
[2022-10-18 18:20:32,872] {logging_mixin.py:104} INFO - [2022-10-18 18:20:32,872] {dag.py:1818} INFO - Sync 1 DAGs
[2022-10-18 18:20:32,893] {logging_mixin.py:104} INFO - [2022-10-18 18:20:32,893] {dag.py:2273} INFO - Setting next_dagrun for trending_hashtags to 2022-10-18 18:00:32.892910+00:00
[2022-10-18 18:20:32,908] {scheduler_job.py:190} INFO - Processing /opt/airflow/dags/folder/my_module.py took 0.784 seconds
[2022-10-18 18:21:03,476] {scheduler_job.py:182} INFO - Started process (PID=632) to work on /opt/airflow/dags/folder/my_module.py
[2022-10-18 18:21:03,480] {scheduler_job.py:629} INFO - Processing file /opt/airflow/dags/folder/my_module.py for tasks to queue
[2022-10-18 18:21:03,483] {logging_mixin.py:104} INFO - [2022-10-18 18:21:03,482] {dagbag.py:448} INFO - Filling up the DagBag from /opt/airflow/dags/folder/my_module.py
[2022-10-18 18:21:04,015] {scheduler_job.py:639} INFO - DAG(s) dict_keys(['trending_hashtags']) retrieved from /opt/airflow/dags/folder/my_module.py
[2022-10-18 18:21:04,055] {logging_mixin.py:104} INFO - [2022-10-18 18:21:04,054] {dag.py:1818} INFO - Sync 1 DAGs
[2022-10-18 18:21:04,072] {logging_mixin.py:104} INFO - [2022-10-18 18:21:04,072] {dag.py:2273} INFO - Setting next_dagrun for trending_hashtags to 2022-10-18 18:01:04.072161+00:00
[2022-10-18 18:21:04,099] {scheduler_job.py:190} INFO - Processing /opt/airflow/dags/folder/my_module.py took 0.636 seconds
[2022-10-18 18:21:34,329] {scheduler_job.py:182} INFO - Started process (PID=662) to work on /opt/airflow/dags/folder/my_module.py
[2022-10-18 18:21:34,333] {scheduler_job.py:629} INFO - Processing file /opt/airflow/dags/folder/my_module.py for tasks to queue
[2022-10-18 18:21:34,341] {logging_mixin.py:104} INFO - [2022-10-18 18:21:34,340] {dagbag.py:448} INFO - Filling up the DagBag from /opt/airflow/dags/folder/my_module.py
[2022-10-18 18:21:34,874] {scheduler_job.py:639} INFO - DAG(s) dict_keys(['trending_hashtags']) retrieved from /opt/airflow/dags/folder/my_module.py
[2022-10-18 18:21:34,900] {logging_mixin.py:104} INFO - [2022-10-18 18:21:34,900] {dag.py:1818} INFO - Sync 1 DAGs
[2022-10-18 18:21:34,917] {logging_mixin.py:104} INFO - [2022-10-18 18:21:34,917] {dag.py:2273} INFO - Setting next_dagrun for trending_hashtags to 2022-10-18 18:01:34.916977+00:00
[2022-10-18 18:21:34,962] {scheduler_job.py:190} INFO - Processing /opt/airflow/dags/folder/my_module.py took 0.641 seconds
[2022-10-18 18:22:05,533] {scheduler_job.py:182} INFO - Started process (PID=692) to work on /opt/airflow/dags/folder/my_module.py
[2022-10-18 18:22:05,537] {scheduler_job.py:629} INFO - Processing file /opt/airflow/dags/folder/my_module.py for tasks to queue
[2022-10-18 18:22:05,539] {logging_mixin.py:104} INFO - [2022-10-18 18:22:05,539] {dagbag.py:448} INFO - Filling up the DagBag from /opt/airflow/dags/folder/my_module.py
[2022-10-18 18:22:06,058] {scheduler_job.py:639} INFO - DAG(s) dict_keys(['trending_hashtags']) retrieved from /opt/airflow/dags/folder/my_module.py
[2022-10-18 18:22:06,078] {logging_mixin.py:104} INFO - [2022-10-18 18:22:06,078] {dag.py:1818} INFO - Sync 1 DAGs
[2022-10-18 18:22:06,117] {logging_mixin.py:104} INFO - [2022-10-18 18:22:06,117] {dag.py:2273} INFO - Setting next_dagrun for trending_hashtags to 2022-10-18 18:02:06.113107+00:00
[2022-10-18 18:22:06,146] {scheduler_job.py:190} INFO - Processing /opt/airflow/dags/folder/my_module.py took 0.624 seconds
[2022-10-18 18:22:36,696] {scheduler_job.py:182} INFO - Started process (PID=722) to work on /opt/airflow/dags/folder/my_module.py
[2022-10-18 18:22:36,701] {scheduler_job.py:629} INFO - Processing file /opt/airflow/dags/folder/my_module.py for tasks to queue
[2022-10-18 18:22:36,703] {logging_mixin.py:104} INFO - [2022-10-18 18:22:36,703] {dagbag.py:448} INFO - Filling up the DagBag from /opt/airflow/dags/folder/my_module.py
[2022-10-18 18:22:37,699] {scheduler_job.py:639} INFO - DAG(s) dict_keys(['trending_hashtags']) retrieved from /opt/airflow/dags/folder/my_module.py
[2022-10-18 18:22:37,727] {logging_mixin.py:104} INFO - [2022-10-18 18:22:37,727] {dag.py:1818} INFO - Sync 1 DAGs
[2022-10-18 18:22:37,745] {logging_mixin.py:104} INFO - [2022-10-18 18:22:37,744] {dag.py:2273} INFO - Setting next_dagrun for trending_hashtags to 2022-10-18 18:02:37.744802+00:00
[2022-10-18 18:22:37,770] {scheduler_job.py:190} INFO - Processing /opt/airflow/dags/folder/my_module.py took 1.092 seconds
[2022-10-18 18:23:08,749] {scheduler_job.py:182} INFO - Started process (PID=752) to work on /opt/airflow/dags/folder/my_module.py
[2022-10-18 18:23:08,763] {scheduler_job.py:629} INFO - Processing file /opt/airflow/dags/folder/my_module.py for tasks to queue
[2022-10-18 18:23:08,766] {logging_mixin.py:104} INFO - [2022-10-18 18:23:08,766] {dagbag.py:448} INFO - Filling up the DagBag from /opt/airflow/dags/folder/my_module.py
[2022-10-18 18:23:09,895] {scheduler_job.py:639} INFO - DAG(s) dict_keys(['trending_hashtags']) retrieved from /opt/airflow/dags/folder/my_module.py
[2022-10-18 18:23:09,921] {logging_mixin.py:104} INFO - [2022-10-18 18:23:09,921] {dag.py:1818} INFO - Sync 1 DAGs
[2022-10-18 18:23:09,938] {logging_mixin.py:104} INFO - [2022-10-18 18:23:09,938] {dag.py:2273} INFO - Setting next_dagrun for trending_hashtags to 2022-10-18 18:03:09.938156+00:00
[2022-10-18 18:23:09,956] {scheduler_job.py:190} INFO - Processing /opt/airflow/dags/folder/my_module.py took 1.218 seconds
[2022-10-18 18:23:40,229] {scheduler_job.py:182} INFO - Started process (PID=782) to work on /opt/airflow/dags/folder/my_module.py
[2022-10-18 18:23:40,234] {scheduler_job.py:629} INFO - Processing file /opt/airflow/dags/folder/my_module.py for tasks to queue
[2022-10-18 18:23:40,236] {logging_mixin.py:104} INFO - [2022-10-18 18:23:40,236] {dagbag.py:448} INFO - Filling up the DagBag from /opt/airflow/dags/folder/my_module.py
[2022-10-18 18:23:41,313] {scheduler_job.py:639} INFO - DAG(s) dict_keys(['trending_hashtags']) retrieved from /opt/airflow/dags/folder/my_module.py
[2022-10-18 18:23:41,333] {logging_mixin.py:104} INFO - [2022-10-18 18:23:41,333] {dag.py:1818} INFO - Sync 1 DAGs
[2022-10-18 18:23:41,394] {logging_mixin.py:104} INFO - [2022-10-18 18:23:41,394] {dag.py:2273} INFO - Setting next_dagrun for trending_hashtags to 2022-10-18 18:03:41.394479+00:00
[2022-10-18 18:23:41,430] {scheduler_job.py:190} INFO - Processing /opt/airflow/dags/folder/my_module.py took 1.215 seconds
[2022-10-18 18:24:12,438] {scheduler_job.py:182} INFO - Started process (PID=812) to work on /opt/airflow/dags/folder/my_module.py
[2022-10-18 18:24:12,443] {scheduler_job.py:629} INFO - Processing file /opt/airflow/dags/folder/my_module.py for tasks to queue
[2022-10-18 18:24:12,461] {logging_mixin.py:104} INFO - [2022-10-18 18:24:12,461] {dagbag.py:448} INFO - Filling up the DagBag from /opt/airflow/dags/folder/my_module.py
[2022-10-18 18:24:13,792] {scheduler_job.py:639} INFO - DAG(s) dict_keys(['trending_hashtags']) retrieved from /opt/airflow/dags/folder/my_module.py
[2022-10-18 18:24:13,836] {logging_mixin.py:104} INFO - [2022-10-18 18:24:13,836] {dag.py:1818} INFO - Sync 1 DAGs
[2022-10-18 18:24:13,862] {logging_mixin.py:104} INFO - [2022-10-18 18:24:13,862] {dag.py:2273} INFO - Setting next_dagrun for trending_hashtags to 2022-10-18 18:04:13.862659+00:00
[2022-10-18 18:24:13,900] {scheduler_job.py:190} INFO - Processing /opt/airflow/dags/folder/my_module.py took 1.510 seconds
[2022-10-18 18:24:44,406] {scheduler_job.py:182} INFO - Started process (PID=842) to work on /opt/airflow/dags/folder/my_module.py
[2022-10-18 18:24:44,415] {scheduler_job.py:629} INFO - Processing file /opt/airflow/dags/folder/my_module.py for tasks to queue
[2022-10-18 18:24:44,424] {logging_mixin.py:104} INFO - [2022-10-18 18:24:44,423] {dagbag.py:448} INFO - Filling up the DagBag from /opt/airflow/dags/folder/my_module.py
[2022-10-18 18:24:45,180] {scheduler_job.py:639} INFO - DAG(s) dict_keys(['trending_hashtags']) retrieved from /opt/airflow/dags/folder/my_module.py
[2022-10-18 18:24:45,225] {logging_mixin.py:104} INFO - [2022-10-18 18:24:45,225] {dag.py:1818} INFO - Sync 1 DAGs
[2022-10-18 18:24:45,257] {logging_mixin.py:104} INFO - [2022-10-18 18:24:45,257] {dag.py:2273} INFO - Setting next_dagrun for trending_hashtags to 2022-10-18 18:04:45.257517+00:00
[2022-10-18 18:24:45,284] {scheduler_job.py:190} INFO - Processing /opt/airflow/dags/folder/my_module.py took 0.889 seconds
[2022-10-18 18:25:15,426] {scheduler_job.py:182} INFO - Started process (PID=871) to work on /opt/airflow/dags/folder/my_module.py
[2022-10-18 18:25:15,429] {scheduler_job.py:629} INFO - Processing file /opt/airflow/dags/folder/my_module.py for tasks to queue
[2022-10-18 18:25:15,431] {logging_mixin.py:104} INFO - [2022-10-18 18:25:15,431] {dagbag.py:448} INFO - Filling up the DagBag from /opt/airflow/dags/folder/my_module.py
[2022-10-18 18:25:15,912] {scheduler_job.py:639} INFO - DAG(s) dict_keys(['trending_hashtags']) retrieved from /opt/airflow/dags/folder/my_module.py
[2022-10-18 18:25:15,936] {logging_mixin.py:104} INFO - [2022-10-18 18:25:15,935] {dag.py:1818} INFO - Sync 1 DAGs
[2022-10-18 18:25:15,956] {logging_mixin.py:104} INFO - [2022-10-18 18:25:15,956] {dag.py:2273} INFO - Setting next_dagrun for trending_hashtags to 2022-10-18 18:05:15.956299+00:00
[2022-10-18 18:25:15,969] {scheduler_job.py:190} INFO - Processing /opt/airflow/dags/folder/my_module.py took 0.549 seconds
[2022-10-18 18:25:46,906] {scheduler_job.py:182} INFO - Started process (PID=902) to work on /opt/airflow/dags/folder/my_module.py
[2022-10-18 18:25:46,917] {scheduler_job.py:629} INFO - Processing file /opt/airflow/dags/folder/my_module.py for tasks to queue
[2022-10-18 18:25:46,927] {logging_mixin.py:104} INFO - [2022-10-18 18:25:46,926] {dagbag.py:448} INFO - Filling up the DagBag from /opt/airflow/dags/folder/my_module.py
[2022-10-18 18:25:48,291] {scheduler_job.py:639} INFO - DAG(s) dict_keys(['trending_hashtags']) retrieved from /opt/airflow/dags/folder/my_module.py
[2022-10-18 18:25:48,374] {logging_mixin.py:104} INFO - [2022-10-18 18:25:48,373] {dag.py:1818} INFO - Sync 1 DAGs
[2022-10-18 18:25:48,433] {logging_mixin.py:104} INFO - [2022-10-18 18:25:48,433] {dag.py:2273} INFO - Setting next_dagrun for trending_hashtags to 2022-10-18 18:05:48.433461+00:00
[2022-10-18 18:25:48,474] {scheduler_job.py:190} INFO - Processing /opt/airflow/dags/folder/my_module.py took 1.580 seconds
[2022-10-18 18:26:19,376] {scheduler_job.py:182} INFO - Started process (PID=932) to work on /opt/airflow/dags/folder/my_module.py
[2022-10-18 18:26:19,383] {scheduler_job.py:629} INFO - Processing file /opt/airflow/dags/folder/my_module.py for tasks to queue
[2022-10-18 18:26:19,403] {logging_mixin.py:104} INFO - [2022-10-18 18:26:19,396] {dagbag.py:448} INFO - Filling up the DagBag from /opt/airflow/dags/folder/my_module.py
[2022-10-18 18:26:20,463] {scheduler_job.py:639} INFO - DAG(s) dict_keys(['trending_hashtags']) retrieved from /opt/airflow/dags/folder/my_module.py
[2022-10-18 18:26:20,549] {logging_mixin.py:104} INFO - [2022-10-18 18:26:20,549] {dag.py:1818} INFO - Sync 1 DAGs
[2022-10-18 18:26:20,587] {logging_mixin.py:104} INFO - [2022-10-18 18:26:20,586] {dag.py:2273} INFO - Setting next_dagrun for trending_hashtags to 2022-10-18 18:06:20.585519+00:00
[2022-10-18 18:26:20,629] {scheduler_job.py:190} INFO - Processing /opt/airflow/dags/folder/my_module.py took 1.259 seconds
[2022-10-18 18:26:50,802] {scheduler_job.py:182} INFO - Started process (PID=961) to work on /opt/airflow/dags/folder/my_module.py
[2022-10-18 18:26:50,808] {scheduler_job.py:629} INFO - Processing file /opt/airflow/dags/folder/my_module.py for tasks to queue
[2022-10-18 18:26:50,812] {logging_mixin.py:104} INFO - [2022-10-18 18:26:50,811] {dagbag.py:448} INFO - Filling up the DagBag from /opt/airflow/dags/folder/my_module.py
[2022-10-18 18:26:51,353] {scheduler_job.py:639} INFO - DAG(s) dict_keys(['trending_hashtags']) retrieved from /opt/airflow/dags/folder/my_module.py
[2022-10-18 18:26:51,374] {logging_mixin.py:104} INFO - [2022-10-18 18:26:51,374] {dag.py:1818} INFO - Sync 1 DAGs
[2022-10-18 18:26:51,390] {logging_mixin.py:104} INFO - [2022-10-18 18:26:51,390] {dag.py:2273} INFO - Setting next_dagrun for trending_hashtags to 2022-10-18 18:06:51.390358+00:00
[2022-10-18 18:26:51,404] {scheduler_job.py:190} INFO - Processing /opt/airflow/dags/folder/my_module.py took 0.616 seconds
[2022-10-18 18:27:22,244] {scheduler_job.py:182} INFO - Started process (PID=992) to work on /opt/airflow/dags/folder/my_module.py
[2022-10-18 18:27:22,248] {scheduler_job.py:629} INFO - Processing file /opt/airflow/dags/folder/my_module.py for tasks to queue
[2022-10-18 18:27:22,255] {logging_mixin.py:104} INFO - [2022-10-18 18:27:22,254] {dagbag.py:448} INFO - Filling up the DagBag from /opt/airflow/dags/folder/my_module.py
[2022-10-18 18:27:22,775] {scheduler_job.py:639} INFO - DAG(s) dict_keys(['trending_hashtags']) retrieved from /opt/airflow/dags/folder/my_module.py
[2022-10-18 18:27:22,807] {logging_mixin.py:104} INFO - [2022-10-18 18:27:22,807] {dag.py:1818} INFO - Sync 1 DAGs
[2022-10-18 18:27:22,827] {logging_mixin.py:104} INFO - [2022-10-18 18:27:22,827] {dag.py:2273} INFO - Setting next_dagrun for trending_hashtags to 2022-10-18 18:07:22.827356+00:00
[2022-10-18 18:27:22,853] {scheduler_job.py:190} INFO - Processing /opt/airflow/dags/folder/my_module.py took 0.616 seconds
[2022-10-18 18:27:53,253] {scheduler_job.py:182} INFO - Started process (PID=1022) to work on /opt/airflow/dags/folder/my_module.py
[2022-10-18 18:27:53,265] {scheduler_job.py:629} INFO - Processing file /opt/airflow/dags/folder/my_module.py for tasks to queue
[2022-10-18 18:27:53,267] {logging_mixin.py:104} INFO - [2022-10-18 18:27:53,267] {dagbag.py:448} INFO - Filling up the DagBag from /opt/airflow/dags/folder/my_module.py
[2022-10-18 18:27:53,924] {scheduler_job.py:639} INFO - DAG(s) dict_keys(['trending_hashtags']) retrieved from /opt/airflow/dags/folder/my_module.py
[2022-10-18 18:27:53,964] {logging_mixin.py:104} INFO - [2022-10-18 18:27:53,964] {dag.py:1818} INFO - Sync 1 DAGs
[2022-10-18 18:27:53,982] {logging_mixin.py:104} INFO - [2022-10-18 18:27:53,982] {dag.py:2273} INFO - Setting next_dagrun for trending_hashtags to 2022-10-18 18:07:53.982076+00:00
[2022-10-18 18:27:53,995] {scheduler_job.py:190} INFO - Processing /opt/airflow/dags/folder/my_module.py took 0.752 seconds
[2022-10-18 18:28:25,038] {scheduler_job.py:182} INFO - Started process (PID=1052) to work on /opt/airflow/dags/folder/my_module.py
[2022-10-18 18:28:25,044] {scheduler_job.py:629} INFO - Processing file /opt/airflow/dags/folder/my_module.py for tasks to queue
[2022-10-18 18:28:25,046] {logging_mixin.py:104} INFO - [2022-10-18 18:28:25,046] {dagbag.py:448} INFO - Filling up the DagBag from /opt/airflow/dags/folder/my_module.py
[2022-10-18 18:28:25,668] {scheduler_job.py:639} INFO - DAG(s) dict_keys(['trending_hashtags']) retrieved from /opt/airflow/dags/folder/my_module.py
[2022-10-18 18:28:25,707] {logging_mixin.py:104} INFO - [2022-10-18 18:28:25,707] {dag.py:1818} INFO - Sync 1 DAGs
[2022-10-18 18:28:25,739] {logging_mixin.py:104} INFO - [2022-10-18 18:28:25,739] {dag.py:2273} INFO - Setting next_dagrun for trending_hashtags to 2022-10-18 18:08:25.738887+00:00
[2022-10-18 18:28:25,763] {scheduler_job.py:190} INFO - Processing /opt/airflow/dags/folder/my_module.py took 0.735 seconds
[2022-10-18 18:28:56,058] {scheduler_job.py:182} INFO - Started process (PID=1082) to work on /opt/airflow/dags/folder/my_module.py
[2022-10-18 18:28:56,065] {scheduler_job.py:629} INFO - Processing file /opt/airflow/dags/folder/my_module.py for tasks to queue
[2022-10-18 18:28:56,068] {logging_mixin.py:104} INFO - [2022-10-18 18:28:56,068] {dagbag.py:448} INFO - Filling up the DagBag from /opt/airflow/dags/folder/my_module.py
[2022-10-18 18:28:56,636] {scheduler_job.py:639} INFO - DAG(s) dict_keys(['trending_hashtags']) retrieved from /opt/airflow/dags/folder/my_module.py
[2022-10-18 18:28:56,670] {logging_mixin.py:104} INFO - [2022-10-18 18:28:56,670] {dag.py:1818} INFO - Sync 1 DAGs
[2022-10-18 18:28:56,691] {logging_mixin.py:104} INFO - [2022-10-18 18:28:56,691] {dag.py:2273} INFO - Setting next_dagrun for trending_hashtags to 2022-10-18 18:08:56.691509+00:00
[2022-10-18 18:28:56,712] {scheduler_job.py:190} INFO - Processing /opt/airflow/dags/folder/my_module.py took 0.662 seconds
[2022-10-18 18:29:27,015] {scheduler_job.py:182} INFO - Started process (PID=1112) to work on /opt/airflow/dags/folder/my_module.py
[2022-10-18 18:29:27,022] {scheduler_job.py:629} INFO - Processing file /opt/airflow/dags/folder/my_module.py for tasks to queue
[2022-10-18 18:29:27,027] {logging_mixin.py:104} INFO - [2022-10-18 18:29:27,027] {dagbag.py:448} INFO - Filling up the DagBag from /opt/airflow/dags/folder/my_module.py
[2022-10-18 18:29:27,699] {scheduler_job.py:639} INFO - DAG(s) dict_keys(['trending_hashtags']) retrieved from /opt/airflow/dags/folder/my_module.py
[2022-10-18 18:29:27,728] {logging_mixin.py:104} INFO - [2022-10-18 18:29:27,728] {dag.py:1818} INFO - Sync 1 DAGs
[2022-10-18 18:29:27,744] {logging_mixin.py:104} INFO - [2022-10-18 18:29:27,744] {dag.py:2273} INFO - Setting next_dagrun for trending_hashtags to 2022-10-18 18:09:27.744159+00:00
[2022-10-18 18:29:27,759] {scheduler_job.py:190} INFO - Processing /opt/airflow/dags/folder/my_module.py took 0.753 seconds
[2022-10-18 18:29:58,679] {scheduler_job.py:182} INFO - Started process (PID=1142) to work on /opt/airflow/dags/folder/my_module.py
[2022-10-18 18:29:58,683] {scheduler_job.py:629} INFO - Processing file /opt/airflow/dags/folder/my_module.py for tasks to queue
[2022-10-18 18:29:58,690] {logging_mixin.py:104} INFO - [2022-10-18 18:29:58,689] {dagbag.py:448} INFO - Filling up the DagBag from /opt/airflow/dags/folder/my_module.py
[2022-10-18 18:29:59,237] {scheduler_job.py:639} INFO - DAG(s) dict_keys(['trending_hashtags']) retrieved from /opt/airflow/dags/folder/my_module.py
[2022-10-18 18:29:59,263] {logging_mixin.py:104} INFO - [2022-10-18 18:29:59,263] {dag.py:1818} INFO - Sync 1 DAGs
[2022-10-18 18:29:59,281] {logging_mixin.py:104} INFO - [2022-10-18 18:29:59,281] {dag.py:2273} INFO - Setting next_dagrun for trending_hashtags to 2022-10-18 18:09:59.281484+00:00
[2022-10-18 18:29:59,307] {scheduler_job.py:190} INFO - Processing /opt/airflow/dags/folder/my_module.py took 0.633 seconds
[2022-10-18 18:30:29,565] {scheduler_job.py:182} INFO - Started process (PID=1172) to work on /opt/airflow/dags/folder/my_module.py
[2022-10-18 18:30:29,568] {scheduler_job.py:629} INFO - Processing file /opt/airflow/dags/folder/my_module.py for tasks to queue
[2022-10-18 18:30:29,571] {logging_mixin.py:104} INFO - [2022-10-18 18:30:29,571] {dagbag.py:448} INFO - Filling up the DagBag from /opt/airflow/dags/folder/my_module.py
[2022-10-18 18:30:30,214] {scheduler_job.py:639} INFO - DAG(s) dict_keys(['trending_hashtags']) retrieved from /opt/airflow/dags/folder/my_module.py
[2022-10-18 18:30:30,242] {logging_mixin.py:104} INFO - [2022-10-18 18:30:30,242] {dag.py:1818} INFO - Sync 1 DAGs
[2022-10-18 18:30:30,258] {logging_mixin.py:104} INFO - [2022-10-18 18:30:30,258] {dag.py:2273} INFO - Setting next_dagrun for trending_hashtags to 2022-10-18 18:10:30.258614+00:00
[2022-10-18 18:30:30,275] {scheduler_job.py:190} INFO - Processing /opt/airflow/dags/folder/my_module.py took 0.720 seconds
[2022-10-18 18:31:01,295] {scheduler_job.py:182} INFO - Started process (PID=1202) to work on /opt/airflow/dags/folder/my_module.py
[2022-10-18 18:31:01,300] {scheduler_job.py:629} INFO - Processing file /opt/airflow/dags/folder/my_module.py for tasks to queue
[2022-10-18 18:31:01,304] {logging_mixin.py:104} INFO - [2022-10-18 18:31:01,304] {dagbag.py:448} INFO - Filling up the DagBag from /opt/airflow/dags/folder/my_module.py
[2022-10-18 18:31:01,924] {scheduler_job.py:639} INFO - DAG(s) dict_keys(['trending_hashtags']) retrieved from /opt/airflow/dags/folder/my_module.py
[2022-10-18 18:31:01,964] {logging_mixin.py:104} INFO - [2022-10-18 18:31:01,964] {dag.py:1818} INFO - Sync 1 DAGs
[2022-10-18 18:31:01,987] {logging_mixin.py:104} INFO - [2022-10-18 18:31:01,986] {dag.py:2273} INFO - Setting next_dagrun for trending_hashtags to 2022-10-18 18:11:01.986789+00:00
[2022-10-18 18:31:02,010] {scheduler_job.py:190} INFO - Processing /opt/airflow/dags/folder/my_module.py took 0.723 seconds
