[2022-10-20 10:28:25,205] {taskinstance.py:851} INFO - Dependencies all met for <TaskInstance: trending_hashtags.connecting_to_twitter_api 2022-10-20T10:07:59.803780+00:00 [queued]>
[2022-10-20 10:28:25,235] {taskinstance.py:851} INFO - Dependencies all met for <TaskInstance: trending_hashtags.connecting_to_twitter_api 2022-10-20T10:07:59.803780+00:00 [queued]>
[2022-10-20 10:28:25,236] {taskinstance.py:1042} INFO - 
--------------------------------------------------------------------------------
[2022-10-20 10:28:25,238] {taskinstance.py:1043} INFO - Starting attempt 1 of 1
[2022-10-20 10:28:25,240] {taskinstance.py:1044} INFO - 
--------------------------------------------------------------------------------
[2022-10-20 10:28:25,259] {taskinstance.py:1063} INFO - Executing <Task(PythonVirtualenvOperator): connecting_to_twitter_api> on 2022-10-20T10:07:59.803780+00:00
[2022-10-20 10:28:25,266] {standard_task_runner.py:52} INFO - Started process 37 to run task
[2022-10-20 10:28:25,276] {standard_task_runner.py:76} INFO - Running: ['airflow', 'tasks', 'run', 'trending_hashtags', 'connecting_to_twitter_api', '2022-10-20T10:07:59.803780+00:00', '--job-id', '83', '--pool', 'default_pool', '--raw', '--subdir', 'DAGS_FOLDER/tweepy_dag.py', '--cfg-path', '/tmp/tmpnn3s17oo', '--error-file', '/tmp/tmpntsriei1']
[2022-10-20 10:28:25,278] {standard_task_runner.py:77} INFO - Job 83: Subtask connecting_to_twitter_api
[2022-10-20 10:28:25,335] {logging_mixin.py:104} INFO - Running <TaskInstance: trending_hashtags.connecting_to_twitter_api 2022-10-20T10:07:59.803780+00:00 [running]> on host 4e607c4cf7a0
[2022-10-20 10:28:25,429] {taskinstance.py:1257} INFO - Exporting the following env vars:
AIRFLOW_CTX_DAG_OWNER=airflow
AIRFLOW_CTX_DAG_ID=trending_hashtags
AIRFLOW_CTX_TASK_ID=connecting_to_twitter_api
AIRFLOW_CTX_EXECUTION_DATE=2022-10-20T10:07:59.803780+00:00
AIRFLOW_CTX_DAG_RUN_ID=scheduled__2022-10-20T10:07:59.803780+00:00
[2022-10-20 10:28:25,449] {process_utils.py:135} INFO - Executing cmd: virtualenv /tmp/venvsyl51e9w
[2022-10-20 10:28:25,469] {process_utils.py:137} INFO - Output:
[2022-10-20 10:28:28,181] {process_utils.py:141} INFO - created virtual environment CPython3.6.15.final.0-64 in 1756ms
[2022-10-20 10:28:28,182] {process_utils.py:141} INFO -   creator CPython3Posix(dest=/tmp/venvsyl51e9w, clear=False, no_vcs_ignore=False, global=False)
[2022-10-20 10:28:28,184] {process_utils.py:141} INFO -   seeder FromAppData(download=False, pip=bundle, setuptools=bundle, wheel=bundle, via=copy, app_data_dir=/home/airflow/.local/share/virtualenv)
[2022-10-20 10:28:28,185] {process_utils.py:141} INFO -     added seed packages: pip==21.0.1, setuptools==52.0.0, wheel==0.36.2
[2022-10-20 10:28:28,186] {process_utils.py:141} INFO -   activators BashActivator,CShellActivator,FishActivator,PowerShellActivator,PythonActivator,XonshActivator
[2022-10-20 10:28:28,232] {process_utils.py:135} INFO - Executing cmd: /tmp/venvsyl51e9w/bin/pip install tweepy
[2022-10-20 10:28:28,270] {process_utils.py:137} INFO - Output:
[2022-10-20 10:28:36,549] {process_utils.py:141} INFO - Collecting tweepy
[2022-10-20 10:28:37,201] {process_utils.py:141} INFO -   Downloading tweepy-4.6.0-py2.py3-none-any.whl (69 kB)
[2022-10-20 10:28:37,817] {process_utils.py:141} INFO - Collecting requests-oauthlib<2,>=1.2.0
[2022-10-20 10:28:37,934] {process_utils.py:141} INFO -   Downloading requests_oauthlib-1.3.1-py2.py3-none-any.whl (23 kB)
[2022-10-20 10:28:38,353] {process_utils.py:141} INFO - Collecting oauthlib<4,>=3.2.0
[2022-10-20 10:28:38,481] {process_utils.py:141} INFO -   Downloading oauthlib-3.2.2-py3-none-any.whl (151 kB)
[2022-10-20 10:28:39,282] {process_utils.py:141} INFO - Collecting requests<3,>=2.27.0
[2022-10-20 10:28:39,881] {process_utils.py:141} INFO -   Downloading requests-2.27.1-py2.py3-none-any.whl (63 kB)
[2022-10-20 10:28:42,695] {process_utils.py:141} INFO - Collecting urllib3<1.27,>=1.21.1
[2022-10-20 10:28:43,187] {process_utils.py:141} INFO -   Downloading urllib3-1.26.12-py2.py3-none-any.whl (140 kB)
[2022-10-20 10:28:45,232] {process_utils.py:141} INFO - Collecting charset-normalizer~=2.0.0
[2022-10-20 10:28:45,527] {process_utils.py:141} INFO -   Downloading charset_normalizer-2.0.12-py3-none-any.whl (39 kB)
[2022-10-20 10:28:46,168] {process_utils.py:141} INFO - Collecting idna<4,>=2.5
[2022-10-20 10:28:46,377] {process_utils.py:141} INFO -   Downloading idna-3.4-py3-none-any.whl (61 kB)
[2022-10-20 10:28:47,018] {process_utils.py:141} INFO - Collecting certifi>=2017.4.17
[2022-10-20 10:28:47,200] {process_utils.py:141} INFO -   Downloading certifi-2022.9.24-py3-none-any.whl (161 kB)
[2022-10-20 10:28:48,213] {process_utils.py:141} INFO - Installing collected packages: urllib3, idna, charset-normalizer, certifi, requests, oauthlib, requests-oauthlib, tweepy
[2022-10-20 10:28:49,738] {process_utils.py:141} INFO - Successfully installed certifi-2022.9.24 charset-normalizer-2.0.12 idna-3.4 oauthlib-3.2.2 requests-2.27.1 requests-oauthlib-1.3.1 tweepy-4.6.0 urllib3-1.26.12
[2022-10-20 10:28:51,889] {process_utils.py:141} INFO - WARNING: You are using pip version 21.0.1; however, version 21.3.1 is available.
[2022-10-20 10:28:51,892] {process_utils.py:141} INFO - You should consider upgrading via the '/tmp/venvsyl51e9w/bin/python -m pip install --upgrade pip' command.
[2022-10-20 10:28:52,500] {process_utils.py:135} INFO - Executing cmd: /tmp/venvsyl51e9w/bin/python /tmp/venvsyl51e9w/script.py /tmp/venvsyl51e9w/script.in /tmp/venvsyl51e9w/script.out /tmp/venvsyl51e9w/string_args.txt
[2022-10-20 10:28:52,573] {process_utils.py:137} INFO - Output:
[2022-10-20 10:28:58,775] {process_utils.py:141} INFO - successfuly activated virtual env and connected to twitter API
[2022-10-20 10:28:58,777] {process_utils.py:141} INFO - #MashujaaDay
[2022-10-20 10:28:58,778] {process_utils.py:141} INFO - #MUNTOT
[2022-10-20 10:28:58,780] {process_utils.py:141} INFO - #MainaAndKingangi
[2022-10-20 10:28:58,780] {process_utils.py:141} INFO - #BWAffair
[2022-10-20 10:28:58,782] {process_utils.py:141} INFO - #BWBetterTogether
[2022-10-20 10:28:59,357] {python.py:118} INFO - Done. Returned value was: None
[2022-10-20 10:28:59,403] {taskinstance.py:1166} INFO - Marking task as SUCCESS. dag_id=trending_hashtags, task_id=connecting_to_twitter_api, execution_date=20221020T100759, start_date=20221020T102825, end_date=20221020T102859
[2022-10-20 10:28:59,548] {local_task_job.py:146} INFO - Task exited with return code 1
