[2022-10-18 17:50:34,228] {scheduler_job.py:182} INFO - Started process (PID=31) to work on /opt/airflow/dags/my_module.py
[2022-10-18 17:50:34,281] {scheduler_job.py:629} INFO - Processing file /opt/airflow/dags/my_module.py for tasks to queue
[2022-10-18 17:50:34,292] {logging_mixin.py:104} INFO - [2022-10-18 17:50:34,292] {dagbag.py:448} INFO - Filling up the DagBag from /opt/airflow/dags/my_module.py
[2022-10-18 17:50:36,113] {scheduler_job.py:639} INFO - DAG(s) dict_keys(['trending_hashtags']) retrieved from /opt/airflow/dags/my_module.py
[2022-10-18 17:50:36,177] {logging_mixin.py:104} INFO - [2022-10-18 17:50:36,177] {dag.py:1818} INFO - Sync 1 DAGs
[2022-10-18 17:50:36,242] {logging_mixin.py:104} INFO - [2022-10-18 17:50:36,242] {dag.py:2273} INFO - Setting next_dagrun for trending_hashtags to 2022-10-18 17:42:55.680992+00:00
[2022-10-18 17:50:36,290] {scheduler_job.py:190} INFO - Processing /opt/airflow/dags/my_module.py took 2.097 seconds
[2022-10-18 17:51:13,081] {scheduler_job.py:182} INFO - Started process (PID=62) to work on /opt/airflow/dags/my_module.py
[2022-10-18 17:51:13,084] {scheduler_job.py:629} INFO - Processing file /opt/airflow/dags/my_module.py for tasks to queue
[2022-10-18 17:51:13,089] {logging_mixin.py:104} INFO - [2022-10-18 17:51:13,088] {dagbag.py:448} INFO - Filling up the DagBag from /opt/airflow/dags/my_module.py
[2022-10-18 17:51:14,555] {scheduler_job.py:639} INFO - DAG(s) dict_keys(['trending_hashtags']) retrieved from /opt/airflow/dags/my_module.py
[2022-10-18 17:51:14,603] {logging_mixin.py:104} INFO - [2022-10-18 17:51:14,603] {dag.py:1818} INFO - Sync 1 DAGs
[2022-10-18 17:51:14,660] {logging_mixin.py:104} INFO - [2022-10-18 17:51:14,660] {dag.py:2273} INFO - Setting next_dagrun for trending_hashtags to 2022-10-18 17:42:55.680992+00:00
[2022-10-18 17:51:14,694] {scheduler_job.py:190} INFO - Processing /opt/airflow/dags/my_module.py took 1.621 seconds
[2022-10-18 17:51:45,090] {scheduler_job.py:182} INFO - Started process (PID=94) to work on /opt/airflow/dags/my_module.py
[2022-10-18 17:51:45,094] {scheduler_job.py:629} INFO - Processing file /opt/airflow/dags/my_module.py for tasks to queue
[2022-10-18 17:51:45,097] {logging_mixin.py:104} INFO - [2022-10-18 17:51:45,097] {dagbag.py:448} INFO - Filling up the DagBag from /opt/airflow/dags/my_module.py
[2022-10-18 17:51:45,688] {scheduler_job.py:639} INFO - DAG(s) dict_keys(['trending_hashtags']) retrieved from /opt/airflow/dags/my_module.py
[2022-10-18 17:51:45,710] {logging_mixin.py:104} INFO - [2022-10-18 17:51:45,710] {dag.py:1818} INFO - Sync 1 DAGs
[2022-10-18 17:51:45,732] {logging_mixin.py:104} INFO - [2022-10-18 17:51:45,732] {dag.py:2273} INFO - Setting next_dagrun for trending_hashtags to 2022-10-18 17:42:55.680992+00:00
[2022-10-18 17:51:45,745] {scheduler_job.py:190} INFO - Processing /opt/airflow/dags/my_module.py took 0.662 seconds
[2022-10-18 17:52:15,930] {scheduler_job.py:182} INFO - Started process (PID=124) to work on /opt/airflow/dags/my_module.py
[2022-10-18 17:52:15,936] {scheduler_job.py:629} INFO - Processing file /opt/airflow/dags/my_module.py for tasks to queue
[2022-10-18 17:52:15,939] {logging_mixin.py:104} INFO - [2022-10-18 17:52:15,939] {dagbag.py:448} INFO - Filling up the DagBag from /opt/airflow/dags/my_module.py
[2022-10-18 17:52:16,822] {scheduler_job.py:639} INFO - DAG(s) dict_keys(['trending_hashtags']) retrieved from /opt/airflow/dags/my_module.py
[2022-10-18 17:52:16,862] {logging_mixin.py:104} INFO - [2022-10-18 17:52:16,862] {dag.py:1818} INFO - Sync 1 DAGs
[2022-10-18 17:52:16,887] {logging_mixin.py:104} INFO - [2022-10-18 17:52:16,887] {dag.py:2273} INFO - Setting next_dagrun for trending_hashtags to 2022-10-18 17:42:55.680992+00:00
[2022-10-18 17:52:16,921] {scheduler_job.py:190} INFO - Processing /opt/airflow/dags/my_module.py took 0.996 seconds
[2022-10-18 17:52:47,644] {scheduler_job.py:182} INFO - Started process (PID=155) to work on /opt/airflow/dags/my_module.py
[2022-10-18 17:52:47,647] {scheduler_job.py:629} INFO - Processing file /opt/airflow/dags/my_module.py for tasks to queue
[2022-10-18 17:52:47,650] {logging_mixin.py:104} INFO - [2022-10-18 17:52:47,650] {dagbag.py:448} INFO - Filling up the DagBag from /opt/airflow/dags/my_module.py
[2022-10-18 17:52:48,441] {scheduler_job.py:639} INFO - DAG(s) dict_keys(['trending_hashtags']) retrieved from /opt/airflow/dags/my_module.py
[2022-10-18 17:52:48,468] {logging_mixin.py:104} INFO - [2022-10-18 17:52:48,468] {dag.py:1818} INFO - Sync 1 DAGs
[2022-10-18 17:52:48,527] {logging_mixin.py:104} INFO - [2022-10-18 17:52:48,527] {dag.py:2273} INFO - Setting next_dagrun for trending_hashtags to 2022-10-18 17:42:55.680992+00:00
[2022-10-18 17:52:48,546] {scheduler_job.py:190} INFO - Processing /opt/airflow/dags/my_module.py took 0.911 seconds
[2022-10-18 17:53:23,157] {scheduler_job.py:182} INFO - Started process (PID=198) to work on /opt/airflow/dags/my_module.py
[2022-10-18 17:53:23,169] {scheduler_job.py:629} INFO - Processing file /opt/airflow/dags/my_module.py for tasks to queue
[2022-10-18 17:53:23,173] {logging_mixin.py:104} INFO - [2022-10-18 17:53:23,173] {dagbag.py:448} INFO - Filling up the DagBag from /opt/airflow/dags/my_module.py
[2022-10-18 17:53:23,951] {scheduler_job.py:639} INFO - DAG(s) dict_keys(['trending_hashtags']) retrieved from /opt/airflow/dags/my_module.py
[2022-10-18 17:53:23,973] {logging_mixin.py:104} INFO - [2022-10-18 17:53:23,973] {dag.py:1818} INFO - Sync 1 DAGs
[2022-10-18 17:53:23,999] {logging_mixin.py:104} INFO - [2022-10-18 17:53:23,999] {dag.py:2273} INFO - Setting next_dagrun for trending_hashtags to 2022-10-18 17:42:55.680992+00:00
[2022-10-18 17:53:24,014] {scheduler_job.py:190} INFO - Processing /opt/airflow/dags/my_module.py took 0.868 seconds
[2022-10-18 17:53:55,424] {scheduler_job.py:182} INFO - Started process (PID=229) to work on /opt/airflow/dags/my_module.py
[2022-10-18 17:53:55,430] {scheduler_job.py:629} INFO - Processing file /opt/airflow/dags/my_module.py for tasks to queue
[2022-10-18 17:53:55,434] {logging_mixin.py:104} INFO - [2022-10-18 17:53:55,434] {dagbag.py:448} INFO - Filling up the DagBag from /opt/airflow/dags/my_module.py
[2022-10-18 17:56:10,739] {scheduler_job.py:182} INFO - Started process (PID=41) to work on /opt/airflow/dags/my_module.py
[2022-10-18 17:56:10,759] {scheduler_job.py:629} INFO - Processing file /opt/airflow/dags/my_module.py for tasks to queue
[2022-10-18 17:56:10,763] {logging_mixin.py:104} INFO - [2022-10-18 17:56:10,761] {dagbag.py:448} INFO - Filling up the DagBag from /opt/airflow/dags/my_module.py
[2022-10-18 17:56:13,018] {scheduler_job.py:639} INFO - DAG(s) dict_keys(['trending_hashtags_2']) retrieved from /opt/airflow/dags/my_module.py
[2022-10-18 17:56:13,138] {logging_mixin.py:104} INFO - [2022-10-18 17:56:13,138] {dag.py:1818} INFO - Sync 1 DAGs
[2022-10-18 17:56:13,165] {logging_mixin.py:104} INFO - [2022-10-18 17:56:13,164] {dag.py:1837} INFO - Creating ORM DAG for trending_hashtags_2
[2022-10-18 17:56:13,188] {logging_mixin.py:104} INFO - [2022-10-18 17:56:13,188] {dag.py:2273} INFO - Setting next_dagrun for trending_hashtags_2 to 2022-10-18 17:36:13.188145+00:00
[2022-10-18 17:56:13,242] {scheduler_job.py:190} INFO - Processing /opt/airflow/dags/my_module.py took 2.574 seconds
[2022-10-18 17:56:44,077] {scheduler_job.py:182} INFO - Started process (PID=72) to work on /opt/airflow/dags/my_module.py
[2022-10-18 17:56:44,080] {scheduler_job.py:629} INFO - Processing file /opt/airflow/dags/my_module.py for tasks to queue
[2022-10-18 17:56:44,089] {logging_mixin.py:104} INFO - [2022-10-18 17:56:44,089] {dagbag.py:448} INFO - Filling up the DagBag from /opt/airflow/dags/my_module.py
[2022-10-18 17:56:52,642] {scheduler_job.py:639} INFO - DAG(s) dict_keys(['trending_hashtags_2']) retrieved from /opt/airflow/dags/my_module.py
[2022-10-18 17:56:52,668] {logging_mixin.py:104} INFO - [2022-10-18 17:56:52,668] {dag.py:1818} INFO - Sync 1 DAGs
[2022-10-18 17:56:52,697] {logging_mixin.py:104} INFO - [2022-10-18 17:56:52,697] {dag.py:2273} INFO - Setting next_dagrun for trending_hashtags_2 to 2022-10-18 17:36:52.696811+00:00
[2022-10-18 17:56:52,732] {scheduler_job.py:190} INFO - Processing /opt/airflow/dags/my_module.py took 8.665 seconds
[2022-10-18 17:57:22,924] {scheduler_job.py:182} INFO - Started process (PID=102) to work on /opt/airflow/dags/my_module.py
[2022-10-18 17:57:22,929] {scheduler_job.py:629} INFO - Processing file /opt/airflow/dags/my_module.py for tasks to queue
[2022-10-18 17:57:22,932] {logging_mixin.py:104} INFO - [2022-10-18 17:57:22,931] {dagbag.py:448} INFO - Filling up the DagBag from /opt/airflow/dags/my_module.py
[2022-10-18 17:57:24,296] {scheduler_job.py:639} INFO - DAG(s) dict_keys(['trending_hashtags_2']) retrieved from /opt/airflow/dags/my_module.py
[2022-10-18 17:57:24,320] {logging_mixin.py:104} INFO - [2022-10-18 17:57:24,319] {dag.py:1818} INFO - Sync 1 DAGs
[2022-10-18 17:57:24,345] {logging_mixin.py:104} INFO - [2022-10-18 17:57:24,345] {dag.py:2273} INFO - Setting next_dagrun for trending_hashtags_2 to 2022-10-18 17:56:52.696811+00:00
[2022-10-18 17:57:24,367] {scheduler_job.py:190} INFO - Processing /opt/airflow/dags/my_module.py took 1.465 seconds
[2022-10-18 17:59:11,593] {scheduler_job.py:182} INFO - Started process (PID=24) to work on /opt/airflow/dags/my_module.py
[2022-10-18 17:59:11,600] {scheduler_job.py:629} INFO - Processing file /opt/airflow/dags/my_module.py for tasks to queue
[2022-10-18 17:59:11,602] {logging_mixin.py:104} INFO - [2022-10-18 17:59:11,602] {dagbag.py:448} INFO - Filling up the DagBag from /opt/airflow/dags/my_module.py
[2022-10-18 17:59:12,858] {scheduler_job.py:639} INFO - DAG(s) dict_keys(['trending_hashtags_2']) retrieved from /opt/airflow/dags/my_module.py
[2022-10-18 17:59:12,910] {scheduler_job.py:596} INFO - Executed failure callback for <TaskInstance: trending_hashtags_2.getting_twitter_api_2 2022-10-18 17:57:35.289229+00:00 [failed]> in state failed
[2022-10-18 17:59:12,938] {logging_mixin.py:104} INFO - [2022-10-18 17:59:12,938] {dag.py:1818} INFO - Sync 1 DAGs
[2022-10-18 17:59:12,979] {logging_mixin.py:104} INFO - [2022-10-18 17:59:12,979] {dag.py:2273} INFO - Setting next_dagrun for trending_hashtags_2 to 2022-10-18 17:56:52.696811+00:00
[2022-10-18 17:59:13,008] {scheduler_job.py:190} INFO - Processing /opt/airflow/dags/my_module.py took 1.427 seconds
[2022-10-18 17:59:43,416] {scheduler_job.py:182} INFO - Started process (PID=61) to work on /opt/airflow/dags/my_module.py
[2022-10-18 17:59:43,419] {scheduler_job.py:629} INFO - Processing file /opt/airflow/dags/my_module.py for tasks to queue
[2022-10-18 17:59:43,421] {logging_mixin.py:104} INFO - [2022-10-18 17:59:43,421] {dagbag.py:448} INFO - Filling up the DagBag from /opt/airflow/dags/my_module.py
[2022-10-18 17:59:43,933] {scheduler_job.py:639} INFO - DAG(s) dict_keys(['trending_hashtags_2']) retrieved from /opt/airflow/dags/my_module.py
[2022-10-18 17:59:43,971] {logging_mixin.py:104} INFO - [2022-10-18 17:59:43,971] {dag.py:1818} INFO - Sync 1 DAGs
[2022-10-18 17:59:44,009] {logging_mixin.py:104} INFO - [2022-10-18 17:59:44,009] {dag.py:2273} INFO - Setting next_dagrun for trending_hashtags_2 to 2022-10-18 17:56:52.696811+00:00
[2022-10-18 17:59:44,026] {scheduler_job.py:190} INFO - Processing /opt/airflow/dags/my_module.py took 0.616 seconds
[2022-10-18 18:00:14,549] {scheduler_job.py:182} INFO - Started process (PID=93) to work on /opt/airflow/dags/my_module.py
[2022-10-18 18:00:14,557] {scheduler_job.py:629} INFO - Processing file /opt/airflow/dags/my_module.py for tasks to queue
[2022-10-18 18:00:14,559] {logging_mixin.py:104} INFO - [2022-10-18 18:00:14,559] {dagbag.py:448} INFO - Filling up the DagBag from /opt/airflow/dags/my_module.py
[2022-10-18 18:00:15,167] {scheduler_job.py:639} INFO - DAG(s) dict_keys(['trending_hashtags_2']) retrieved from /opt/airflow/dags/my_module.py
[2022-10-18 18:00:15,216] {logging_mixin.py:104} INFO - [2022-10-18 18:00:15,216] {dag.py:1818} INFO - Sync 1 DAGs
[2022-10-18 18:00:15,236] {logging_mixin.py:104} INFO - [2022-10-18 18:00:15,236] {dag.py:2273} INFO - Setting next_dagrun for trending_hashtags_2 to 2022-10-18 17:56:52.696811+00:00
[2022-10-18 18:00:15,248] {scheduler_job.py:190} INFO - Processing /opt/airflow/dags/my_module.py took 0.704 seconds
[2022-10-18 18:00:45,481] {scheduler_job.py:182} INFO - Started process (PID=124) to work on /opt/airflow/dags/my_module.py
[2022-10-18 18:00:45,487] {scheduler_job.py:629} INFO - Processing file /opt/airflow/dags/my_module.py for tasks to queue
[2022-10-18 18:00:45,491] {logging_mixin.py:104} INFO - [2022-10-18 18:00:45,491] {dagbag.py:448} INFO - Filling up the DagBag from /opt/airflow/dags/my_module.py
[2022-10-18 18:00:45,991] {scheduler_job.py:639} INFO - DAG(s) dict_keys(['trending_hashtags_2']) retrieved from /opt/airflow/dags/my_module.py
[2022-10-18 18:00:46,050] {logging_mixin.py:104} INFO - [2022-10-18 18:00:46,050] {dag.py:1818} INFO - Sync 1 DAGs
[2022-10-18 18:00:46,068] {logging_mixin.py:104} INFO - [2022-10-18 18:00:46,068] {dag.py:2273} INFO - Setting next_dagrun for trending_hashtags_2 to 2022-10-18 17:56:52.696811+00:00
[2022-10-18 18:00:46,081] {scheduler_job.py:190} INFO - Processing /opt/airflow/dags/my_module.py took 0.608 seconds
[2022-10-18 18:01:16,191] {scheduler_job.py:182} INFO - Started process (PID=155) to work on /opt/airflow/dags/my_module.py
[2022-10-18 18:01:16,201] {scheduler_job.py:629} INFO - Processing file /opt/airflow/dags/my_module.py for tasks to queue
[2022-10-18 18:01:16,203] {logging_mixin.py:104} INFO - [2022-10-18 18:01:16,203] {dagbag.py:448} INFO - Filling up the DagBag from /opt/airflow/dags/my_module.py
[2022-10-18 18:01:17,113] {scheduler_job.py:639} INFO - DAG(s) dict_keys(['trending_hashtags_2']) retrieved from /opt/airflow/dags/my_module.py
[2022-10-18 18:01:17,186] {logging_mixin.py:104} INFO - [2022-10-18 18:01:17,186] {dag.py:1818} INFO - Sync 1 DAGs
[2022-10-18 18:01:17,234] {logging_mixin.py:104} INFO - [2022-10-18 18:01:17,234] {dag.py:2273} INFO - Setting next_dagrun for trending_hashtags_2 to 2022-10-18 17:56:52.696811+00:00
[2022-10-18 18:01:17,262] {scheduler_job.py:190} INFO - Processing /opt/airflow/dags/my_module.py took 1.082 seconds
[2022-10-18 18:01:47,557] {scheduler_job.py:182} INFO - Started process (PID=187) to work on /opt/airflow/dags/my_module.py
[2022-10-18 18:01:47,561] {scheduler_job.py:629} INFO - Processing file /opt/airflow/dags/my_module.py for tasks to queue
[2022-10-18 18:01:47,563] {logging_mixin.py:104} INFO - [2022-10-18 18:01:47,563] {dagbag.py:448} INFO - Filling up the DagBag from /opt/airflow/dags/my_module.py
[2022-10-18 18:01:47,964] {scheduler_job.py:639} INFO - DAG(s) dict_keys(['trending_hashtags_2']) retrieved from /opt/airflow/dags/my_module.py
[2022-10-18 18:01:48,002] {logging_mixin.py:104} INFO - [2022-10-18 18:01:48,002] {dag.py:1818} INFO - Sync 1 DAGs
[2022-10-18 18:01:48,030] {logging_mixin.py:104} INFO - [2022-10-18 18:01:48,029] {dag.py:2273} INFO - Setting next_dagrun for trending_hashtags_2 to 2022-10-18 17:56:52.696811+00:00
[2022-10-18 18:01:48,053] {scheduler_job.py:190} INFO - Processing /opt/airflow/dags/my_module.py took 0.500 seconds
[2022-10-18 18:02:18,130] {scheduler_job.py:182} INFO - Started process (PID=219) to work on /opt/airflow/dags/my_module.py
[2022-10-18 18:02:18,135] {scheduler_job.py:629} INFO - Processing file /opt/airflow/dags/my_module.py for tasks to queue
[2022-10-18 18:02:18,139] {logging_mixin.py:104} INFO - [2022-10-18 18:02:18,138] {dagbag.py:448} INFO - Filling up the DagBag from /opt/airflow/dags/my_module.py
[2022-10-18 18:02:18,602] {scheduler_job.py:639} INFO - DAG(s) dict_keys(['trending_hashtags_2']) retrieved from /opt/airflow/dags/my_module.py
[2022-10-18 18:02:18,628] {logging_mixin.py:104} INFO - [2022-10-18 18:02:18,628] {dag.py:1818} INFO - Sync 1 DAGs
[2022-10-18 18:02:18,645] {logging_mixin.py:104} INFO - [2022-10-18 18:02:18,645] {dag.py:2273} INFO - Setting next_dagrun for trending_hashtags_2 to 2022-10-18 17:56:52.696811+00:00
[2022-10-18 18:02:18,658] {scheduler_job.py:190} INFO - Processing /opt/airflow/dags/my_module.py took 0.545 seconds
[2022-10-18 18:02:49,013] {scheduler_job.py:182} INFO - Started process (PID=250) to work on /opt/airflow/dags/my_module.py
[2022-10-18 18:02:49,016] {scheduler_job.py:629} INFO - Processing file /opt/airflow/dags/my_module.py for tasks to queue
[2022-10-18 18:02:49,018] {logging_mixin.py:104} INFO - [2022-10-18 18:02:49,018] {dagbag.py:448} INFO - Filling up the DagBag from /opt/airflow/dags/my_module.py
[2022-10-18 18:02:49,405] {scheduler_job.py:639} INFO - DAG(s) dict_keys(['trending_hashtags_2']) retrieved from /opt/airflow/dags/my_module.py
[2022-10-18 18:02:49,440] {logging_mixin.py:104} INFO - [2022-10-18 18:02:49,439] {dag.py:1818} INFO - Sync 1 DAGs
[2022-10-18 18:02:49,461] {logging_mixin.py:104} INFO - [2022-10-18 18:02:49,461] {dag.py:2273} INFO - Setting next_dagrun for trending_hashtags_2 to 2022-10-18 17:56:52.696811+00:00
[2022-10-18 18:02:49,478] {scheduler_job.py:190} INFO - Processing /opt/airflow/dags/my_module.py took 0.471 seconds
[2022-10-18 18:03:19,601] {scheduler_job.py:182} INFO - Started process (PID=280) to work on /opt/airflow/dags/my_module.py
[2022-10-18 18:03:19,604] {scheduler_job.py:629} INFO - Processing file /opt/airflow/dags/my_module.py for tasks to queue
[2022-10-18 18:03:19,606] {logging_mixin.py:104} INFO - [2022-10-18 18:03:19,606] {dagbag.py:448} INFO - Filling up the DagBag from /opt/airflow/dags/my_module.py
[2022-10-18 18:03:19,976] {scheduler_job.py:639} INFO - DAG(s) dict_keys(['trending_hashtags_2']) retrieved from /opt/airflow/dags/my_module.py
[2022-10-18 18:03:20,004] {logging_mixin.py:104} INFO - [2022-10-18 18:03:20,004] {dag.py:1818} INFO - Sync 1 DAGs
[2022-10-18 18:03:20,021] {logging_mixin.py:104} INFO - [2022-10-18 18:03:20,021] {dag.py:2273} INFO - Setting next_dagrun for trending_hashtags_2 to 2022-10-18 17:56:52.696811+00:00
[2022-10-18 18:03:20,034] {scheduler_job.py:190} INFO - Processing /opt/airflow/dags/my_module.py took 0.438 seconds
[2022-10-18 18:03:50,537] {scheduler_job.py:182} INFO - Started process (PID=310) to work on /opt/airflow/dags/my_module.py
[2022-10-18 18:03:50,539] {scheduler_job.py:629} INFO - Processing file /opt/airflow/dags/my_module.py for tasks to queue
[2022-10-18 18:03:50,542] {logging_mixin.py:104} INFO - [2022-10-18 18:03:50,541] {dagbag.py:448} INFO - Filling up the DagBag from /opt/airflow/dags/my_module.py
[2022-10-18 18:03:50,886] {scheduler_job.py:639} INFO - DAG(s) dict_keys(['trending_hashtags_2']) retrieved from /opt/airflow/dags/my_module.py
[2022-10-18 18:03:50,913] {logging_mixin.py:104} INFO - [2022-10-18 18:03:50,913] {dag.py:1818} INFO - Sync 1 DAGs
[2022-10-18 18:03:50,932] {logging_mixin.py:104} INFO - [2022-10-18 18:03:50,932] {dag.py:2273} INFO - Setting next_dagrun for trending_hashtags_2 to 2022-10-18 17:56:52.696811+00:00
[2022-10-18 18:03:50,945] {scheduler_job.py:190} INFO - Processing /opt/airflow/dags/my_module.py took 0.413 seconds
[2022-10-18 18:04:21,580] {scheduler_job.py:182} INFO - Started process (PID=340) to work on /opt/airflow/dags/my_module.py
[2022-10-18 18:04:21,584] {scheduler_job.py:629} INFO - Processing file /opt/airflow/dags/my_module.py for tasks to queue
[2022-10-18 18:04:21,587] {logging_mixin.py:104} INFO - [2022-10-18 18:04:21,586] {dagbag.py:448} INFO - Filling up the DagBag from /opt/airflow/dags/my_module.py
[2022-10-18 18:04:22,245] {scheduler_job.py:639} INFO - DAG(s) dict_keys(['trending_hashtags_2']) retrieved from /opt/airflow/dags/my_module.py
[2022-10-18 18:04:22,296] {logging_mixin.py:104} INFO - [2022-10-18 18:04:22,296] {dag.py:1818} INFO - Sync 1 DAGs
[2022-10-18 18:04:22,318] {logging_mixin.py:104} INFO - [2022-10-18 18:04:22,318] {dag.py:2273} INFO - Setting next_dagrun for trending_hashtags_2 to 2022-10-18 17:56:52.696811+00:00
[2022-10-18 18:04:22,336] {scheduler_job.py:190} INFO - Processing /opt/airflow/dags/my_module.py took 0.763 seconds
[2022-10-18 18:04:52,752] {scheduler_job.py:182} INFO - Started process (PID=371) to work on /opt/airflow/dags/my_module.py
[2022-10-18 18:04:52,754] {scheduler_job.py:629} INFO - Processing file /opt/airflow/dags/my_module.py for tasks to queue
[2022-10-18 18:04:52,756] {logging_mixin.py:104} INFO - [2022-10-18 18:04:52,756] {dagbag.py:448} INFO - Filling up the DagBag from /opt/airflow/dags/my_module.py
[2022-10-18 18:04:53,180] {scheduler_job.py:639} INFO - DAG(s) dict_keys(['trending_hashtags_2']) retrieved from /opt/airflow/dags/my_module.py
[2022-10-18 18:04:53,232] {logging_mixin.py:104} INFO - [2022-10-18 18:04:53,231] {dag.py:1818} INFO - Sync 1 DAGs
[2022-10-18 18:04:53,265] {logging_mixin.py:104} INFO - [2022-10-18 18:04:53,264] {dag.py:2273} INFO - Setting next_dagrun for trending_hashtags_2 to 2022-10-18 17:56:52.696811+00:00
[2022-10-18 18:04:53,278] {scheduler_job.py:190} INFO - Processing /opt/airflow/dags/my_module.py took 0.534 seconds
[2022-10-18 18:05:23,652] {scheduler_job.py:182} INFO - Started process (PID=402) to work on /opt/airflow/dags/my_module.py
[2022-10-18 18:05:23,655] {scheduler_job.py:629} INFO - Processing file /opt/airflow/dags/my_module.py for tasks to queue
[2022-10-18 18:05:23,657] {logging_mixin.py:104} INFO - [2022-10-18 18:05:23,657] {dagbag.py:448} INFO - Filling up the DagBag from /opt/airflow/dags/my_module.py
[2022-10-18 18:05:24,130] {scheduler_job.py:639} INFO - DAG(s) dict_keys(['trending_hashtags_2']) retrieved from /opt/airflow/dags/my_module.py
[2022-10-18 18:05:24,158] {logging_mixin.py:104} INFO - [2022-10-18 18:05:24,158] {dag.py:1818} INFO - Sync 1 DAGs
[2022-10-18 18:05:24,176] {logging_mixin.py:104} INFO - [2022-10-18 18:05:24,176] {dag.py:2273} INFO - Setting next_dagrun for trending_hashtags_2 to 2022-10-18 17:56:52.696811+00:00
[2022-10-18 18:05:24,189] {scheduler_job.py:190} INFO - Processing /opt/airflow/dags/my_module.py took 0.546 seconds
[2022-10-18 18:05:54,733] {scheduler_job.py:182} INFO - Started process (PID=433) to work on /opt/airflow/dags/my_module.py
[2022-10-18 18:05:54,735] {scheduler_job.py:629} INFO - Processing file /opt/airflow/dags/my_module.py for tasks to queue
[2022-10-18 18:05:54,738] {logging_mixin.py:104} INFO - [2022-10-18 18:05:54,737] {dagbag.py:448} INFO - Filling up the DagBag from /opt/airflow/dags/my_module.py
[2022-10-18 18:05:55,264] {scheduler_job.py:639} INFO - DAG(s) dict_keys(['trending_hashtags_2']) retrieved from /opt/airflow/dags/my_module.py
[2022-10-18 18:05:55,302] {logging_mixin.py:104} INFO - [2022-10-18 18:05:55,302] {dag.py:1818} INFO - Sync 1 DAGs
[2022-10-18 18:05:55,327] {logging_mixin.py:104} INFO - [2022-10-18 18:05:55,327] {dag.py:2273} INFO - Setting next_dagrun for trending_hashtags_2 to 2022-10-18 17:56:52.696811+00:00
[2022-10-18 18:05:55,342] {scheduler_job.py:190} INFO - Processing /opt/airflow/dags/my_module.py took 0.615 seconds
[2022-10-18 18:06:25,981] {scheduler_job.py:182} INFO - Started process (PID=463) to work on /opt/airflow/dags/my_module.py
[2022-10-18 18:06:25,986] {scheduler_job.py:629} INFO - Processing file /opt/airflow/dags/my_module.py for tasks to queue
[2022-10-18 18:06:25,989] {logging_mixin.py:104} INFO - [2022-10-18 18:06:25,988] {dagbag.py:448} INFO - Filling up the DagBag from /opt/airflow/dags/my_module.py
[2022-10-18 18:06:26,357] {scheduler_job.py:639} INFO - DAG(s) dict_keys(['trending_hashtags_2']) retrieved from /opt/airflow/dags/my_module.py
[2022-10-18 18:06:26,391] {logging_mixin.py:104} INFO - [2022-10-18 18:06:26,391] {dag.py:1818} INFO - Sync 1 DAGs
[2022-10-18 18:06:26,414] {logging_mixin.py:104} INFO - [2022-10-18 18:06:26,414] {dag.py:2273} INFO - Setting next_dagrun for trending_hashtags_2 to 2022-10-18 17:56:52.696811+00:00
[2022-10-18 18:06:26,429] {scheduler_job.py:190} INFO - Processing /opt/airflow/dags/my_module.py took 0.453 seconds
[2022-10-18 18:08:34,575] {scheduler_job.py:182} INFO - Started process (PID=31) to work on /opt/airflow/dags/my_module.py
[2022-10-18 18:08:34,580] {scheduler_job.py:629} INFO - Processing file /opt/airflow/dags/my_module.py for tasks to queue
[2022-10-18 18:08:34,583] {logging_mixin.py:104} INFO - [2022-10-18 18:08:34,583] {dagbag.py:448} INFO - Filling up the DagBag from /opt/airflow/dags/my_module.py
[2022-10-18 18:08:37,979] {scheduler_job.py:639} INFO - DAG(s) dict_keys(['trending_hashtags_2']) retrieved from /opt/airflow/dags/my_module.py
[2022-10-18 18:08:38,075] {logging_mixin.py:104} INFO - [2022-10-18 18:08:38,075] {dag.py:1818} INFO - Sync 1 DAGs
[2022-10-18 18:08:38,238] {logging_mixin.py:104} INFO - [2022-10-18 18:08:38,237] {dag.py:2273} INFO - Setting next_dagrun for trending_hashtags_2 to 2022-10-18 17:56:52.696811+00:00
[2022-10-18 18:08:38,286] {scheduler_job.py:190} INFO - Processing /opt/airflow/dags/my_module.py took 3.724 seconds
[2022-10-18 18:09:08,758] {scheduler_job.py:182} INFO - Started process (PID=61) to work on /opt/airflow/dags/my_module.py
[2022-10-18 18:09:08,761] {scheduler_job.py:629} INFO - Processing file /opt/airflow/dags/my_module.py for tasks to queue
[2022-10-18 18:09:08,764] {logging_mixin.py:104} INFO - [2022-10-18 18:09:08,764] {dagbag.py:448} INFO - Filling up the DagBag from /opt/airflow/dags/my_module.py
[2022-10-18 18:09:13,688] {scheduler_job.py:639} INFO - DAG(s) dict_keys(['trending_hashtags_2']) retrieved from /opt/airflow/dags/my_module.py
[2022-10-18 18:09:13,805] {logging_mixin.py:104} INFO - [2022-10-18 18:09:13,805] {dag.py:1818} INFO - Sync 1 DAGs
[2022-10-18 18:09:13,917] {logging_mixin.py:104} INFO - [2022-10-18 18:09:13,917] {dag.py:2273} INFO - Setting next_dagrun for trending_hashtags_2 to 2022-10-18 17:56:52.696811+00:00
[2022-10-18 18:09:13,954] {scheduler_job.py:190} INFO - Processing /opt/airflow/dags/my_module.py took 5.237 seconds
[2022-10-18 18:09:44,505] {scheduler_job.py:182} INFO - Started process (PID=91) to work on /opt/airflow/dags/my_module.py
[2022-10-18 18:09:44,509] {scheduler_job.py:629} INFO - Processing file /opt/airflow/dags/my_module.py for tasks to queue
[2022-10-18 18:09:44,513] {logging_mixin.py:104} INFO - [2022-10-18 18:09:44,512] {dagbag.py:448} INFO - Filling up the DagBag from /opt/airflow/dags/my_module.py
[2022-10-18 18:09:45,960] {scheduler_job.py:639} INFO - DAG(s) dict_keys(['trending_hashtags_2']) retrieved from /opt/airflow/dags/my_module.py
[2022-10-18 18:09:45,985] {logging_mixin.py:104} INFO - [2022-10-18 18:09:45,984] {dag.py:1818} INFO - Sync 1 DAGs
[2022-10-18 18:09:46,004] {logging_mixin.py:104} INFO - [2022-10-18 18:09:46,003] {dag.py:2273} INFO - Setting next_dagrun for trending_hashtags_2 to 2022-10-18 17:56:52.696811+00:00
[2022-10-18 18:09:46,025] {scheduler_job.py:190} INFO - Processing /opt/airflow/dags/my_module.py took 1.533 seconds
[2022-10-18 18:10:18,646] {scheduler_job.py:182} INFO - Started process (PID=127) to work on /opt/airflow/dags/my_module.py
[2022-10-18 18:10:18,653] {scheduler_job.py:629} INFO - Processing file /opt/airflow/dags/my_module.py for tasks to queue
[2022-10-18 18:10:18,657] {logging_mixin.py:104} INFO - [2022-10-18 18:10:18,657] {dagbag.py:448} INFO - Filling up the DagBag from /opt/airflow/dags/my_module.py
[2022-10-18 18:10:19,414] {scheduler_job.py:639} INFO - DAG(s) dict_keys(['trending_hashtags_2']) retrieved from /opt/airflow/dags/my_module.py
[2022-10-18 18:10:19,446] {logging_mixin.py:104} INFO - [2022-10-18 18:10:19,446] {dag.py:1818} INFO - Sync 1 DAGs
[2022-10-18 18:10:19,469] {logging_mixin.py:104} INFO - [2022-10-18 18:10:19,469] {dag.py:2273} INFO - Setting next_dagrun for trending_hashtags_2 to 2022-10-18 17:56:52.696811+00:00
[2022-10-18 18:10:19,488] {scheduler_job.py:190} INFO - Processing /opt/airflow/dags/my_module.py took 0.870 seconds
[2022-10-18 18:10:50,004] {scheduler_job.py:182} INFO - Started process (PID=156) to work on /opt/airflow/dags/my_module.py
[2022-10-18 18:10:50,007] {scheduler_job.py:629} INFO - Processing file /opt/airflow/dags/my_module.py for tasks to queue
[2022-10-18 18:10:50,009] {logging_mixin.py:104} INFO - [2022-10-18 18:10:50,008] {dagbag.py:448} INFO - Filling up the DagBag from /opt/airflow/dags/my_module.py
[2022-10-18 18:10:50,781] {scheduler_job.py:639} INFO - DAG(s) dict_keys(['trending_hashtags_2']) retrieved from /opt/airflow/dags/my_module.py
[2022-10-18 18:10:50,819] {logging_mixin.py:104} INFO - [2022-10-18 18:10:50,819] {dag.py:1818} INFO - Sync 1 DAGs
[2022-10-18 18:10:50,841] {logging_mixin.py:104} INFO - [2022-10-18 18:10:50,841] {dag.py:2273} INFO - Setting next_dagrun for trending_hashtags_2 to 2022-10-18 17:56:52.696811+00:00
[2022-10-18 18:10:50,858] {scheduler_job.py:190} INFO - Processing /opt/airflow/dags/my_module.py took 0.865 seconds
[2022-10-18 18:11:21,873] {scheduler_job.py:182} INFO - Started process (PID=189) to work on /opt/airflow/dags/my_module.py
[2022-10-18 18:11:21,877] {scheduler_job.py:629} INFO - Processing file /opt/airflow/dags/my_module.py for tasks to queue
[2022-10-18 18:11:21,883] {logging_mixin.py:104} INFO - [2022-10-18 18:11:21,883] {dagbag.py:448} INFO - Filling up the DagBag from /opt/airflow/dags/my_module.py
[2022-10-18 18:11:22,748] {scheduler_job.py:639} INFO - DAG(s) dict_keys(['trending_hashtags_2']) retrieved from /opt/airflow/dags/my_module.py
[2022-10-18 18:11:22,816] {logging_mixin.py:104} INFO - [2022-10-18 18:11:22,816] {dag.py:1818} INFO - Sync 1 DAGs
[2022-10-18 18:11:22,842] {logging_mixin.py:104} INFO - [2022-10-18 18:11:22,842] {dag.py:2273} INFO - Setting next_dagrun for trending_hashtags_2 to 2022-10-18 17:56:52.696811+00:00
[2022-10-18 18:11:22,873] {scheduler_job.py:190} INFO - Processing /opt/airflow/dags/my_module.py took 1.007 seconds
[2022-10-18 18:14:09,273] {scheduler_job.py:182} INFO - Started process (PID=215) to work on /opt/airflow/dags/my_module.py
[2022-10-18 18:14:09,284] {scheduler_job.py:629} INFO - Processing file /opt/airflow/dags/my_module.py for tasks to queue
[2022-10-18 18:14:09,293] {logging_mixin.py:104} INFO - [2022-10-18 18:14:09,291] {dagbag.py:448} INFO - Filling up the DagBag from /opt/airflow/dags/my_module.py
[2022-10-18 18:14:11,479] {scheduler_job.py:639} INFO - DAG(s) dict_keys(['trending_hashtags_2']) retrieved from /opt/airflow/dags/my_module.py
[2022-10-18 18:14:11,538] {scheduler_job.py:596} INFO - Executed failure callback for <TaskInstance: trending_hashtags_2.getting_twitter_api_2 2022-10-18 18:11:24.517426+00:00 [failed]> in state failed
[2022-10-18 18:14:11,566] {logging_mixin.py:104} INFO - [2022-10-18 18:14:11,566] {dag.py:1818} INFO - Sync 1 DAGs
[2022-10-18 18:14:11,590] {logging_mixin.py:104} INFO - [2022-10-18 18:14:11,590] {dag.py:2273} INFO - Setting next_dagrun for trending_hashtags_2 to 2022-10-18 17:56:52.696811+00:00
[2022-10-18 18:14:11,615] {scheduler_job.py:190} INFO - Processing /opt/airflow/dags/my_module.py took 2.385 seconds
[2022-10-18 18:14:41,945] {scheduler_job.py:182} INFO - Started process (PID=245) to work on /opt/airflow/dags/my_module.py
[2022-10-18 18:14:41,948] {scheduler_job.py:629} INFO - Processing file /opt/airflow/dags/my_module.py for tasks to queue
[2022-10-18 18:14:41,951] {logging_mixin.py:104} INFO - [2022-10-18 18:14:41,951] {dagbag.py:448} INFO - Filling up the DagBag from /opt/airflow/dags/my_module.py
[2022-10-18 18:14:42,688] {scheduler_job.py:639} INFO - DAG(s) dict_keys(['trending_hashtags_2']) retrieved from /opt/airflow/dags/my_module.py
[2022-10-18 18:14:42,716] {logging_mixin.py:104} INFO - [2022-10-18 18:14:42,716] {dag.py:1818} INFO - Sync 1 DAGs
[2022-10-18 18:14:42,735] {logging_mixin.py:104} INFO - [2022-10-18 18:14:42,735] {dag.py:2273} INFO - Setting next_dagrun for trending_hashtags_2 to 2022-10-18 17:56:52.696811+00:00
[2022-10-18 18:14:42,748] {scheduler_job.py:190} INFO - Processing /opt/airflow/dags/my_module.py took 0.813 seconds
[2022-10-18 18:15:13,546] {scheduler_job.py:182} INFO - Started process (PID=276) to work on /opt/airflow/dags/my_module.py
[2022-10-18 18:15:13,550] {scheduler_job.py:629} INFO - Processing file /opt/airflow/dags/my_module.py for tasks to queue
[2022-10-18 18:15:13,552] {logging_mixin.py:104} INFO - [2022-10-18 18:15:13,552] {dagbag.py:448} INFO - Filling up the DagBag from /opt/airflow/dags/my_module.py
[2022-10-18 18:15:14,137] {scheduler_job.py:639} INFO - DAG(s) dict_keys(['trending_hashtags_2']) retrieved from /opt/airflow/dags/my_module.py
[2022-10-18 18:15:14,164] {logging_mixin.py:104} INFO - [2022-10-18 18:15:14,164] {dag.py:1818} INFO - Sync 1 DAGs
[2022-10-18 18:15:14,185] {logging_mixin.py:104} INFO - [2022-10-18 18:15:14,185] {dag.py:2273} INFO - Setting next_dagrun for trending_hashtags_2 to 2022-10-18 17:56:52.696811+00:00
[2022-10-18 18:15:14,199] {scheduler_job.py:190} INFO - Processing /opt/airflow/dags/my_module.py took 0.661 seconds
[2022-10-18 18:15:45,414] {scheduler_job.py:182} INFO - Started process (PID=308) to work on /opt/airflow/dags/my_module.py
[2022-10-18 18:15:45,418] {scheduler_job.py:629} INFO - Processing file /opt/airflow/dags/my_module.py for tasks to queue
[2022-10-18 18:15:45,424] {logging_mixin.py:104} INFO - [2022-10-18 18:15:45,423] {dagbag.py:448} INFO - Filling up the DagBag from /opt/airflow/dags/my_module.py
[2022-10-18 18:15:46,010] {scheduler_job.py:639} INFO - DAG(s) dict_keys(['trending_hashtags_2']) retrieved from /opt/airflow/dags/my_module.py
[2022-10-18 18:15:46,042] {logging_mixin.py:104} INFO - [2022-10-18 18:15:46,042] {dag.py:1818} INFO - Sync 1 DAGs
[2022-10-18 18:15:46,060] {logging_mixin.py:104} INFO - [2022-10-18 18:15:46,060] {dag.py:2273} INFO - Setting next_dagrun for trending_hashtags_2 to 2022-10-18 17:56:52.696811+00:00
[2022-10-18 18:15:46,073] {scheduler_job.py:190} INFO - Processing /opt/airflow/dags/my_module.py took 0.666 seconds
[2022-10-18 18:16:16,730] {scheduler_job.py:182} INFO - Started process (PID=339) to work on /opt/airflow/dags/my_module.py
[2022-10-18 18:16:16,734] {scheduler_job.py:629} INFO - Processing file /opt/airflow/dags/my_module.py for tasks to queue
[2022-10-18 18:16:16,737] {logging_mixin.py:104} INFO - [2022-10-18 18:16:16,736] {dagbag.py:448} INFO - Filling up the DagBag from /opt/airflow/dags/my_module.py
[2022-10-18 18:16:17,671] {scheduler_job.py:639} INFO - DAG(s) dict_keys(['trending_hashtags_2']) retrieved from /opt/airflow/dags/my_module.py
[2022-10-18 18:16:17,706] {logging_mixin.py:104} INFO - [2022-10-18 18:16:17,706] {dag.py:1818} INFO - Sync 1 DAGs
[2022-10-18 18:16:17,732] {logging_mixin.py:104} INFO - [2022-10-18 18:16:17,732] {dag.py:2273} INFO - Setting next_dagrun for trending_hashtags_2 to 2022-10-18 17:56:52.696811+00:00
[2022-10-18 18:16:17,748] {scheduler_job.py:190} INFO - Processing /opt/airflow/dags/my_module.py took 1.030 seconds
[2022-10-18 18:16:48,012] {scheduler_job.py:182} INFO - Started process (PID=369) to work on /opt/airflow/dags/my_module.py
[2022-10-18 18:16:48,016] {scheduler_job.py:629} INFO - Processing file /opt/airflow/dags/my_module.py for tasks to queue
[2022-10-18 18:16:48,019] {logging_mixin.py:104} INFO - [2022-10-18 18:16:48,019] {dagbag.py:448} INFO - Filling up the DagBag from /opt/airflow/dags/my_module.py
[2022-10-18 18:16:48,719] {scheduler_job.py:639} INFO - DAG(s) dict_keys(['trending_hashtags_2']) retrieved from /opt/airflow/dags/my_module.py
[2022-10-18 18:16:48,771] {logging_mixin.py:104} INFO - [2022-10-18 18:16:48,770] {dag.py:1818} INFO - Sync 1 DAGs
[2022-10-18 18:16:48,788] {logging_mixin.py:104} INFO - [2022-10-18 18:16:48,788] {dag.py:2273} INFO - Setting next_dagrun for trending_hashtags_2 to 2022-10-18 17:56:52.696811+00:00
[2022-10-18 18:16:48,800] {scheduler_job.py:190} INFO - Processing /opt/airflow/dags/my_module.py took 0.799 seconds
[2022-10-18 18:17:20,664] {scheduler_job.py:182} INFO - Started process (PID=405) to work on /opt/airflow/dags/my_module.py
[2022-10-18 18:17:20,671] {scheduler_job.py:629} INFO - Processing file /opt/airflow/dags/my_module.py for tasks to queue
[2022-10-18 18:17:20,674] {logging_mixin.py:104} INFO - [2022-10-18 18:17:20,673] {dagbag.py:448} INFO - Filling up the DagBag from /opt/airflow/dags/my_module.py
[2022-10-18 18:17:21,341] {scheduler_job.py:639} INFO - DAG(s) dict_keys(['trending_hashtags_2']) retrieved from /opt/airflow/dags/my_module.py
[2022-10-18 18:17:21,375] {logging_mixin.py:104} INFO - [2022-10-18 18:17:21,375] {dag.py:1818} INFO - Sync 1 DAGs
[2022-10-18 18:17:21,396] {logging_mixin.py:104} INFO - [2022-10-18 18:17:21,396] {dag.py:2273} INFO - Setting next_dagrun for trending_hashtags_2 to 2022-10-18 18:16:52.696811+00:00
[2022-10-18 18:17:21,408] {scheduler_job.py:190} INFO - Processing /opt/airflow/dags/my_module.py took 0.750 seconds
[2022-10-18 18:17:52,018] {scheduler_job.py:182} INFO - Started process (PID=436) to work on /opt/airflow/dags/my_module.py
[2022-10-18 18:17:52,021] {scheduler_job.py:629} INFO - Processing file /opt/airflow/dags/my_module.py for tasks to queue
[2022-10-18 18:17:52,028] {logging_mixin.py:104} INFO - [2022-10-18 18:17:52,028] {dagbag.py:448} INFO - Filling up the DagBag from /opt/airflow/dags/my_module.py
[2022-10-18 18:17:52,855] {scheduler_job.py:639} INFO - DAG(s) dict_keys(['trending_hashtags_2']) retrieved from /opt/airflow/dags/my_module.py
[2022-10-18 18:17:52,887] {logging_mixin.py:104} INFO - [2022-10-18 18:17:52,887] {dag.py:1818} INFO - Sync 1 DAGs
[2022-10-18 18:17:52,909] {logging_mixin.py:104} INFO - [2022-10-18 18:17:52,909] {dag.py:2273} INFO - Setting next_dagrun for trending_hashtags_2 to 2022-10-18 18:16:52.696811+00:00
[2022-10-18 18:17:52,923] {scheduler_job.py:190} INFO - Processing /opt/airflow/dags/my_module.py took 0.912 seconds
[2022-10-18 18:18:23,470] {scheduler_job.py:182} INFO - Started process (PID=467) to work on /opt/airflow/dags/my_module.py
[2022-10-18 18:18:23,474] {scheduler_job.py:629} INFO - Processing file /opt/airflow/dags/my_module.py for tasks to queue
[2022-10-18 18:18:23,477] {logging_mixin.py:104} INFO - [2022-10-18 18:18:23,477] {dagbag.py:448} INFO - Filling up the DagBag from /opt/airflow/dags/my_module.py
[2022-10-18 18:18:24,201] {scheduler_job.py:639} INFO - DAG(s) dict_keys(['trending_hashtags_2']) retrieved from /opt/airflow/dags/my_module.py
[2022-10-18 18:18:24,255] {logging_mixin.py:104} INFO - [2022-10-18 18:18:24,255] {dag.py:1818} INFO - Sync 1 DAGs
[2022-10-18 18:18:24,283] {logging_mixin.py:104} INFO - [2022-10-18 18:18:24,283] {dag.py:2273} INFO - Setting next_dagrun for trending_hashtags_2 to 2022-10-18 18:16:52.696811+00:00
[2022-10-18 18:18:24,306] {scheduler_job.py:190} INFO - Processing /opt/airflow/dags/my_module.py took 0.843 seconds
[2022-10-18 18:18:54,652] {scheduler_job.py:182} INFO - Started process (PID=500) to work on /opt/airflow/dags/my_module.py
[2022-10-18 18:18:54,657] {scheduler_job.py:629} INFO - Processing file /opt/airflow/dags/my_module.py for tasks to queue
[2022-10-18 18:18:54,659] {logging_mixin.py:104} INFO - [2022-10-18 18:18:54,659] {dagbag.py:448} INFO - Filling up the DagBag from /opt/airflow/dags/my_module.py
[2022-10-18 18:18:55,415] {scheduler_job.py:639} INFO - DAG(s) dict_keys(['trending_hashtags_2']) retrieved from /opt/airflow/dags/my_module.py
[2022-10-18 18:18:55,450] {logging_mixin.py:104} INFO - [2022-10-18 18:18:55,450] {dag.py:1818} INFO - Sync 1 DAGs
[2022-10-18 18:18:55,470] {logging_mixin.py:104} INFO - [2022-10-18 18:18:55,470] {dag.py:2273} INFO - Setting next_dagrun for trending_hashtags_2 to 2022-10-18 18:16:52.696811+00:00
[2022-10-18 18:18:55,483] {scheduler_job.py:190} INFO - Processing /opt/airflow/dags/my_module.py took 0.840 seconds
[2022-10-18 18:19:25,964] {scheduler_job.py:182} INFO - Started process (PID=533) to work on /opt/airflow/dags/my_module.py
[2022-10-18 18:19:25,968] {scheduler_job.py:629} INFO - Processing file /opt/airflow/dags/my_module.py for tasks to queue
[2022-10-18 18:19:25,970] {logging_mixin.py:104} INFO - [2022-10-18 18:19:25,969] {dagbag.py:448} INFO - Filling up the DagBag from /opt/airflow/dags/my_module.py
[2022-10-18 18:19:26,590] {scheduler_job.py:639} INFO - DAG(s) dict_keys(['trending_hashtags_2']) retrieved from /opt/airflow/dags/my_module.py
[2022-10-18 18:19:26,620] {logging_mixin.py:104} INFO - [2022-10-18 18:19:26,620] {dag.py:1818} INFO - Sync 1 DAGs
[2022-10-18 18:19:26,638] {logging_mixin.py:104} INFO - [2022-10-18 18:19:26,637] {dag.py:2273} INFO - Setting next_dagrun for trending_hashtags_2 to 2022-10-18 18:16:52.696811+00:00
[2022-10-18 18:19:26,654] {scheduler_job.py:190} INFO - Processing /opt/airflow/dags/my_module.py took 0.696 seconds
[2022-10-18 18:19:58,180] {scheduler_job.py:182} INFO - Started process (PID=570) to work on /opt/airflow/dags/my_module.py
[2022-10-18 18:19:58,182] {scheduler_job.py:629} INFO - Processing file /opt/airflow/dags/my_module.py for tasks to queue
[2022-10-18 18:19:58,190] {logging_mixin.py:104} INFO - [2022-10-18 18:19:58,189] {dagbag.py:448} INFO - Filling up the DagBag from /opt/airflow/dags/my_module.py
[2022-10-18 18:19:58,739] {scheduler_job.py:639} INFO - DAG(s) dict_keys(['trending_hashtags_2']) retrieved from /opt/airflow/dags/my_module.py
[2022-10-18 18:19:58,764] {logging_mixin.py:104} INFO - [2022-10-18 18:19:58,764] {dag.py:1818} INFO - Sync 1 DAGs
[2022-10-18 18:19:58,781] {logging_mixin.py:104} INFO - [2022-10-18 18:19:58,781] {dag.py:2273} INFO - Setting next_dagrun for trending_hashtags_2 to 2022-10-18 18:16:52.696811+00:00
[2022-10-18 18:19:58,807] {scheduler_job.py:190} INFO - Processing /opt/airflow/dags/my_module.py took 0.632 seconds
[2022-10-18 18:20:29,041] {scheduler_job.py:182} INFO - Started process (PID=600) to work on /opt/airflow/dags/my_module.py
[2022-10-18 18:20:29,043] {scheduler_job.py:629} INFO - Processing file /opt/airflow/dags/my_module.py for tasks to queue
[2022-10-18 18:20:29,045] {logging_mixin.py:104} INFO - [2022-10-18 18:20:29,045] {dagbag.py:448} INFO - Filling up the DagBag from /opt/airflow/dags/my_module.py
[2022-10-18 18:20:29,493] {scheduler_job.py:639} INFO - DAG(s) dict_keys(['trending_hashtags_2']) retrieved from /opt/airflow/dags/my_module.py
[2022-10-18 18:20:29,519] {logging_mixin.py:104} INFO - [2022-10-18 18:20:29,519] {dag.py:1818} INFO - Sync 1 DAGs
[2022-10-18 18:20:29,549] {logging_mixin.py:104} INFO - [2022-10-18 18:20:29,549] {dag.py:2273} INFO - Setting next_dagrun for trending_hashtags_2 to 2022-10-18 18:16:52.696811+00:00
[2022-10-18 18:20:29,561] {scheduler_job.py:190} INFO - Processing /opt/airflow/dags/my_module.py took 0.526 seconds
[2022-10-18 18:20:59,851] {scheduler_job.py:182} INFO - Started process (PID=630) to work on /opt/airflow/dags/my_module.py
[2022-10-18 18:20:59,854] {scheduler_job.py:629} INFO - Processing file /opt/airflow/dags/my_module.py for tasks to queue
[2022-10-18 18:20:59,856] {logging_mixin.py:104} INFO - [2022-10-18 18:20:59,856] {dagbag.py:448} INFO - Filling up the DagBag from /opt/airflow/dags/my_module.py
[2022-10-18 18:21:00,299] {scheduler_job.py:639} INFO - DAG(s) dict_keys(['trending_hashtags_2']) retrieved from /opt/airflow/dags/my_module.py
[2022-10-18 18:21:00,334] {logging_mixin.py:104} INFO - [2022-10-18 18:21:00,334] {dag.py:1818} INFO - Sync 1 DAGs
[2022-10-18 18:21:00,353] {logging_mixin.py:104} INFO - [2022-10-18 18:21:00,353] {dag.py:2273} INFO - Setting next_dagrun for trending_hashtags_2 to 2022-10-18 18:16:52.696811+00:00
[2022-10-18 18:21:00,366] {scheduler_job.py:190} INFO - Processing /opt/airflow/dags/my_module.py took 0.520 seconds
[2022-10-18 18:21:30,684] {scheduler_job.py:182} INFO - Started process (PID=660) to work on /opt/airflow/dags/my_module.py
[2022-10-18 18:21:30,689] {scheduler_job.py:629} INFO - Processing file /opt/airflow/dags/my_module.py for tasks to queue
[2022-10-18 18:21:30,693] {logging_mixin.py:104} INFO - [2022-10-18 18:21:30,693] {dagbag.py:448} INFO - Filling up the DagBag from /opt/airflow/dags/my_module.py
[2022-10-18 18:21:31,133] {scheduler_job.py:639} INFO - DAG(s) dict_keys(['trending_hashtags_2']) retrieved from /opt/airflow/dags/my_module.py
[2022-10-18 18:21:31,159] {logging_mixin.py:104} INFO - [2022-10-18 18:21:31,159] {dag.py:1818} INFO - Sync 1 DAGs
[2022-10-18 18:21:31,175] {logging_mixin.py:104} INFO - [2022-10-18 18:21:31,175] {dag.py:2273} INFO - Setting next_dagrun for trending_hashtags_2 to 2022-10-18 18:16:52.696811+00:00
[2022-10-18 18:21:31,188] {scheduler_job.py:190} INFO - Processing /opt/airflow/dags/my_module.py took 0.509 seconds
[2022-10-18 18:22:01,466] {scheduler_job.py:182} INFO - Started process (PID=690) to work on /opt/airflow/dags/my_module.py
[2022-10-18 18:22:01,469] {scheduler_job.py:629} INFO - Processing file /opt/airflow/dags/my_module.py for tasks to queue
[2022-10-18 18:22:01,473] {logging_mixin.py:104} INFO - [2022-10-18 18:22:01,473] {dagbag.py:448} INFO - Filling up the DagBag from /opt/airflow/dags/my_module.py
[2022-10-18 18:22:01,909] {scheduler_job.py:639} INFO - DAG(s) dict_keys(['trending_hashtags_2']) retrieved from /opt/airflow/dags/my_module.py
[2022-10-18 18:22:01,936] {logging_mixin.py:104} INFO - [2022-10-18 18:22:01,936] {dag.py:1818} INFO - Sync 1 DAGs
[2022-10-18 18:22:01,953] {logging_mixin.py:104} INFO - [2022-10-18 18:22:01,953] {dag.py:2273} INFO - Setting next_dagrun for trending_hashtags_2 to 2022-10-18 18:16:52.696811+00:00
[2022-10-18 18:22:01,964] {scheduler_job.py:190} INFO - Processing /opt/airflow/dags/my_module.py took 0.504 seconds
[2022-10-18 18:22:32,504] {scheduler_job.py:182} INFO - Started process (PID=720) to work on /opt/airflow/dags/my_module.py
[2022-10-18 18:22:32,509] {scheduler_job.py:629} INFO - Processing file /opt/airflow/dags/my_module.py for tasks to queue
[2022-10-18 18:22:32,512] {logging_mixin.py:104} INFO - [2022-10-18 18:22:32,512] {dagbag.py:448} INFO - Filling up the DagBag from /opt/airflow/dags/my_module.py
[2022-10-18 18:22:33,038] {scheduler_job.py:639} INFO - DAG(s) dict_keys(['trending_hashtags_2']) retrieved from /opt/airflow/dags/my_module.py
[2022-10-18 18:22:33,069] {logging_mixin.py:104} INFO - [2022-10-18 18:22:33,069] {dag.py:1818} INFO - Sync 1 DAGs
[2022-10-18 18:22:33,092] {logging_mixin.py:104} INFO - [2022-10-18 18:22:33,092] {dag.py:2273} INFO - Setting next_dagrun for trending_hashtags_2 to 2022-10-18 18:16:52.696811+00:00
[2022-10-18 18:22:33,107] {scheduler_job.py:190} INFO - Processing /opt/airflow/dags/my_module.py took 0.611 seconds
[2022-10-18 18:23:03,290] {scheduler_job.py:182} INFO - Started process (PID=750) to work on /opt/airflow/dags/my_module.py
[2022-10-18 18:23:03,293] {scheduler_job.py:629} INFO - Processing file /opt/airflow/dags/my_module.py for tasks to queue
[2022-10-18 18:23:03,296] {logging_mixin.py:104} INFO - [2022-10-18 18:23:03,296] {dagbag.py:448} INFO - Filling up the DagBag from /opt/airflow/dags/my_module.py
[2022-10-18 18:23:03,725] {scheduler_job.py:639} INFO - DAG(s) dict_keys(['trending_hashtags_2']) retrieved from /opt/airflow/dags/my_module.py
[2022-10-18 18:23:03,755] {logging_mixin.py:104} INFO - [2022-10-18 18:23:03,754] {dag.py:1818} INFO - Sync 1 DAGs
[2022-10-18 18:23:03,770] {logging_mixin.py:104} INFO - [2022-10-18 18:23:03,770] {dag.py:2273} INFO - Setting next_dagrun for trending_hashtags_2 to 2022-10-18 18:16:52.696811+00:00
[2022-10-18 18:23:03,782] {scheduler_job.py:190} INFO - Processing /opt/airflow/dags/my_module.py took 0.498 seconds
[2022-10-18 18:23:34,349] {scheduler_job.py:182} INFO - Started process (PID=780) to work on /opt/airflow/dags/my_module.py
[2022-10-18 18:23:34,352] {scheduler_job.py:629} INFO - Processing file /opt/airflow/dags/my_module.py for tasks to queue
[2022-10-18 18:23:34,356] {logging_mixin.py:104} INFO - [2022-10-18 18:23:34,355] {dagbag.py:448} INFO - Filling up the DagBag from /opt/airflow/dags/my_module.py
[2022-10-18 18:23:34,977] {scheduler_job.py:639} INFO - DAG(s) dict_keys(['trending_hashtags_2']) retrieved from /opt/airflow/dags/my_module.py
[2022-10-18 18:23:35,036] {logging_mixin.py:104} INFO - [2022-10-18 18:23:35,035] {dag.py:1818} INFO - Sync 1 DAGs
[2022-10-18 18:23:35,076] {logging_mixin.py:104} INFO - [2022-10-18 18:23:35,076] {dag.py:2273} INFO - Setting next_dagrun for trending_hashtags_2 to 2022-10-18 18:16:52.696811+00:00
[2022-10-18 18:23:35,090] {scheduler_job.py:190} INFO - Processing /opt/airflow/dags/my_module.py took 0.751 seconds
[2022-10-18 18:24:05,210] {scheduler_job.py:182} INFO - Started process (PID=809) to work on /opt/airflow/dags/my_module.py
[2022-10-18 18:24:05,213] {scheduler_job.py:629} INFO - Processing file /opt/airflow/dags/my_module.py for tasks to queue
[2022-10-18 18:24:05,215] {logging_mixin.py:104} INFO - [2022-10-18 18:24:05,215] {dagbag.py:448} INFO - Filling up the DagBag from /opt/airflow/dags/my_module.py
[2022-10-18 18:24:05,753] {scheduler_job.py:639} INFO - DAG(s) dict_keys(['trending_hashtags_2']) retrieved from /opt/airflow/dags/my_module.py
[2022-10-18 18:24:05,784] {logging_mixin.py:104} INFO - [2022-10-18 18:24:05,784] {dag.py:1818} INFO - Sync 1 DAGs
[2022-10-18 18:24:05,801] {logging_mixin.py:104} INFO - [2022-10-18 18:24:05,801] {dag.py:2273} INFO - Setting next_dagrun for trending_hashtags_2 to 2022-10-18 18:16:52.696811+00:00
[2022-10-18 18:24:05,814] {scheduler_job.py:190} INFO - Processing /opt/airflow/dags/my_module.py took 0.611 seconds
[2022-10-18 18:24:36,243] {scheduler_job.py:182} INFO - Started process (PID=839) to work on /opt/airflow/dags/my_module.py
[2022-10-18 18:24:36,246] {scheduler_job.py:629} INFO - Processing file /opt/airflow/dags/my_module.py for tasks to queue
[2022-10-18 18:24:36,254] {logging_mixin.py:104} INFO - [2022-10-18 18:24:36,254] {dagbag.py:448} INFO - Filling up the DagBag from /opt/airflow/dags/my_module.py
[2022-10-18 18:24:36,846] {scheduler_job.py:639} INFO - DAG(s) dict_keys(['trending_hashtags_2']) retrieved from /opt/airflow/dags/my_module.py
[2022-10-18 18:24:36,887] {logging_mixin.py:104} INFO - [2022-10-18 18:24:36,886] {dag.py:1818} INFO - Sync 1 DAGs
[2022-10-18 18:24:36,904] {logging_mixin.py:104} INFO - [2022-10-18 18:24:36,904] {dag.py:2273} INFO - Setting next_dagrun for trending_hashtags_2 to 2022-10-18 18:16:52.696811+00:00
[2022-10-18 18:24:36,916] {scheduler_job.py:190} INFO - Processing /opt/airflow/dags/my_module.py took 0.681 seconds
[2022-10-18 18:25:07,226] {scheduler_job.py:182} INFO - Started process (PID=869) to work on /opt/airflow/dags/my_module.py
[2022-10-18 18:25:07,229] {scheduler_job.py:629} INFO - Processing file /opt/airflow/dags/my_module.py for tasks to queue
[2022-10-18 18:25:07,231] {logging_mixin.py:104} INFO - [2022-10-18 18:25:07,231] {dagbag.py:448} INFO - Filling up the DagBag from /opt/airflow/dags/my_module.py
[2022-10-18 18:25:07,794] {scheduler_job.py:639} INFO - DAG(s) dict_keys(['trending_hashtags_2']) retrieved from /opt/airflow/dags/my_module.py
[2022-10-18 18:25:07,820] {logging_mixin.py:104} INFO - [2022-10-18 18:25:07,820] {dag.py:1818} INFO - Sync 1 DAGs
[2022-10-18 18:25:07,836] {logging_mixin.py:104} INFO - [2022-10-18 18:25:07,836] {dag.py:2273} INFO - Setting next_dagrun for trending_hashtags_2 to 2022-10-18 18:16:52.696811+00:00
[2022-10-18 18:25:07,848] {scheduler_job.py:190} INFO - Processing /opt/airflow/dags/my_module.py took 0.630 seconds
[2022-10-18 18:25:38,565] {scheduler_job.py:182} INFO - Started process (PID=900) to work on /opt/airflow/dags/my_module.py
[2022-10-18 18:25:38,577] {scheduler_job.py:629} INFO - Processing file /opt/airflow/dags/my_module.py for tasks to queue
[2022-10-18 18:25:38,580] {logging_mixin.py:104} INFO - [2022-10-18 18:25:38,580] {dagbag.py:448} INFO - Filling up the DagBag from /opt/airflow/dags/my_module.py
[2022-10-18 18:25:39,772] {scheduler_job.py:639} INFO - DAG(s) dict_keys(['trending_hashtags_2']) retrieved from /opt/airflow/dags/my_module.py
[2022-10-18 18:25:39,797] {logging_mixin.py:104} INFO - [2022-10-18 18:25:39,797] {dag.py:1818} INFO - Sync 1 DAGs
[2022-10-18 18:25:39,814] {logging_mixin.py:104} INFO - [2022-10-18 18:25:39,814] {dag.py:2273} INFO - Setting next_dagrun for trending_hashtags_2 to 2022-10-18 18:16:52.696811+00:00
[2022-10-18 18:25:39,829] {scheduler_job.py:190} INFO - Processing /opt/airflow/dags/my_module.py took 1.279 seconds
[2022-10-18 18:26:10,320] {scheduler_job.py:182} INFO - Started process (PID=930) to work on /opt/airflow/dags/my_module.py
[2022-10-18 18:26:10,328] {scheduler_job.py:629} INFO - Processing file /opt/airflow/dags/my_module.py for tasks to queue
[2022-10-18 18:26:10,331] {logging_mixin.py:104} INFO - [2022-10-18 18:26:10,331] {dagbag.py:448} INFO - Filling up the DagBag from /opt/airflow/dags/my_module.py
[2022-10-18 18:26:11,319] {scheduler_job.py:639} INFO - DAG(s) dict_keys(['trending_hashtags_2']) retrieved from /opt/airflow/dags/my_module.py
[2022-10-18 18:26:11,344] {logging_mixin.py:104} INFO - [2022-10-18 18:26:11,344] {dag.py:1818} INFO - Sync 1 DAGs
[2022-10-18 18:26:11,361] {logging_mixin.py:104} INFO - [2022-10-18 18:26:11,360] {dag.py:2273} INFO - Setting next_dagrun for trending_hashtags_2 to 2022-10-18 18:16:52.696811+00:00
[2022-10-18 18:26:11,373] {scheduler_job.py:190} INFO - Processing /opt/airflow/dags/my_module.py took 1.074 seconds
[2022-10-18 18:26:41,610] {scheduler_job.py:182} INFO - Started process (PID=960) to work on /opt/airflow/dags/my_module.py
[2022-10-18 18:26:41,618] {scheduler_job.py:629} INFO - Processing file /opt/airflow/dags/my_module.py for tasks to queue
[2022-10-18 18:26:41,622] {logging_mixin.py:104} INFO - [2022-10-18 18:26:41,621] {dagbag.py:448} INFO - Filling up the DagBag from /opt/airflow/dags/my_module.py
[2022-10-18 18:26:42,634] {scheduler_job.py:639} INFO - DAG(s) dict_keys(['trending_hashtags_2']) retrieved from /opt/airflow/dags/my_module.py
[2022-10-18 18:26:42,661] {logging_mixin.py:104} INFO - [2022-10-18 18:26:42,661] {dag.py:1818} INFO - Sync 1 DAGs
[2022-10-18 18:26:42,680] {logging_mixin.py:104} INFO - [2022-10-18 18:26:42,680] {dag.py:2273} INFO - Setting next_dagrun for trending_hashtags_2 to 2022-10-18 18:16:52.696811+00:00
[2022-10-18 18:26:42,692] {scheduler_job.py:190} INFO - Processing /opt/airflow/dags/my_module.py took 1.100 seconds
[2022-10-18 18:27:13,050] {scheduler_job.py:182} INFO - Started process (PID=990) to work on /opt/airflow/dags/my_module.py
[2022-10-18 18:27:13,066] {scheduler_job.py:629} INFO - Processing file /opt/airflow/dags/my_module.py for tasks to queue
[2022-10-18 18:27:13,068] {logging_mixin.py:104} INFO - [2022-10-18 18:27:13,068] {dagbag.py:448} INFO - Filling up the DagBag from /opt/airflow/dags/my_module.py
[2022-10-18 18:27:14,171] {scheduler_job.py:639} INFO - DAG(s) dict_keys(['trending_hashtags_2']) retrieved from /opt/airflow/dags/my_module.py
[2022-10-18 18:27:14,197] {logging_mixin.py:104} INFO - [2022-10-18 18:27:14,197] {dag.py:1818} INFO - Sync 1 DAGs
[2022-10-18 18:27:14,215] {logging_mixin.py:104} INFO - [2022-10-18 18:27:14,215] {dag.py:2273} INFO - Setting next_dagrun for trending_hashtags_2 to 2022-10-18 18:16:52.696811+00:00
[2022-10-18 18:27:14,227] {scheduler_job.py:190} INFO - Processing /opt/airflow/dags/my_module.py took 1.190 seconds
[2022-10-18 18:27:45,371] {scheduler_job.py:182} INFO - Started process (PID=1020) to work on /opt/airflow/dags/my_module.py
[2022-10-18 18:27:45,384] {scheduler_job.py:629} INFO - Processing file /opt/airflow/dags/my_module.py for tasks to queue
[2022-10-18 18:27:45,394] {logging_mixin.py:104} INFO - [2022-10-18 18:27:45,393] {dagbag.py:448} INFO - Filling up the DagBag from /opt/airflow/dags/my_module.py
[2022-10-18 18:27:45,963] {scheduler_job.py:639} INFO - DAG(s) dict_keys(['trending_hashtags_2']) retrieved from /opt/airflow/dags/my_module.py
[2022-10-18 18:27:45,990] {logging_mixin.py:104} INFO - [2022-10-18 18:27:45,989] {dag.py:1818} INFO - Sync 1 DAGs
[2022-10-18 18:27:46,010] {logging_mixin.py:104} INFO - [2022-10-18 18:27:46,010] {dag.py:2273} INFO - Setting next_dagrun for trending_hashtags_2 to 2022-10-18 18:16:52.696811+00:00
[2022-10-18 18:27:46,026] {scheduler_job.py:190} INFO - Processing /opt/airflow/dags/my_module.py took 0.674 seconds
[2022-10-18 18:28:16,422] {scheduler_job.py:182} INFO - Started process (PID=1050) to work on /opt/airflow/dags/my_module.py
[2022-10-18 18:28:16,430] {scheduler_job.py:629} INFO - Processing file /opt/airflow/dags/my_module.py for tasks to queue
[2022-10-18 18:28:16,442] {logging_mixin.py:104} INFO - [2022-10-18 18:28:16,436] {dagbag.py:448} INFO - Filling up the DagBag from /opt/airflow/dags/my_module.py
[2022-10-18 18:28:17,621] {scheduler_job.py:639} INFO - DAG(s) dict_keys(['trending_hashtags_2']) retrieved from /opt/airflow/dags/my_module.py
[2022-10-18 18:28:17,687] {logging_mixin.py:104} INFO - [2022-10-18 18:28:17,687] {dag.py:1818} INFO - Sync 1 DAGs
[2022-10-18 18:28:17,726] {logging_mixin.py:104} INFO - [2022-10-18 18:28:17,726] {dag.py:2273} INFO - Setting next_dagrun for trending_hashtags_2 to 2022-10-18 18:16:52.696811+00:00
[2022-10-18 18:28:17,752] {scheduler_job.py:190} INFO - Processing /opt/airflow/dags/my_module.py took 1.345 seconds
[2022-10-18 18:28:48,641] {scheduler_job.py:182} INFO - Started process (PID=1080) to work on /opt/airflow/dags/my_module.py
[2022-10-18 18:28:48,645] {scheduler_job.py:629} INFO - Processing file /opt/airflow/dags/my_module.py for tasks to queue
[2022-10-18 18:28:48,650] {logging_mixin.py:104} INFO - [2022-10-18 18:28:48,648] {dagbag.py:448} INFO - Filling up the DagBag from /opt/airflow/dags/my_module.py
[2022-10-18 18:28:49,479] {scheduler_job.py:639} INFO - DAG(s) dict_keys(['trending_hashtags_2']) retrieved from /opt/airflow/dags/my_module.py
[2022-10-18 18:28:49,565] {logging_mixin.py:104} INFO - [2022-10-18 18:28:49,565] {dag.py:1818} INFO - Sync 1 DAGs
[2022-10-18 18:28:49,595] {logging_mixin.py:104} INFO - [2022-10-18 18:28:49,595] {dag.py:2273} INFO - Setting next_dagrun for trending_hashtags_2 to 2022-10-18 18:16:52.696811+00:00
[2022-10-18 18:28:49,618] {scheduler_job.py:190} INFO - Processing /opt/airflow/dags/my_module.py took 0.989 seconds
[2022-10-18 18:29:19,810] {scheduler_job.py:182} INFO - Started process (PID=1109) to work on /opt/airflow/dags/my_module.py
[2022-10-18 18:29:19,813] {scheduler_job.py:629} INFO - Processing file /opt/airflow/dags/my_module.py for tasks to queue
[2022-10-18 18:29:19,815] {logging_mixin.py:104} INFO - [2022-10-18 18:29:19,815] {dagbag.py:448} INFO - Filling up the DagBag from /opt/airflow/dags/my_module.py
[2022-10-18 18:29:20,379] {scheduler_job.py:639} INFO - DAG(s) dict_keys(['trending_hashtags_2']) retrieved from /opt/airflow/dags/my_module.py
[2022-10-18 18:29:20,405] {logging_mixin.py:104} INFO - [2022-10-18 18:29:20,405] {dag.py:1818} INFO - Sync 1 DAGs
[2022-10-18 18:29:20,421] {logging_mixin.py:104} INFO - [2022-10-18 18:29:20,421] {dag.py:2273} INFO - Setting next_dagrun for trending_hashtags_2 to 2022-10-18 18:16:52.696811+00:00
[2022-10-18 18:29:20,432] {scheduler_job.py:190} INFO - Processing /opt/airflow/dags/my_module.py took 0.629 seconds
[2022-10-18 18:29:50,610] {scheduler_job.py:182} INFO - Started process (PID=1139) to work on /opt/airflow/dags/my_module.py
[2022-10-18 18:29:50,615] {scheduler_job.py:629} INFO - Processing file /opt/airflow/dags/my_module.py for tasks to queue
[2022-10-18 18:29:50,618] {logging_mixin.py:104} INFO - [2022-10-18 18:29:50,618] {dagbag.py:448} INFO - Filling up the DagBag from /opt/airflow/dags/my_module.py
[2022-10-18 18:29:51,392] {scheduler_job.py:639} INFO - DAG(s) dict_keys(['trending_hashtags_2']) retrieved from /opt/airflow/dags/my_module.py
[2022-10-18 18:29:51,417] {logging_mixin.py:104} INFO - [2022-10-18 18:29:51,417] {dag.py:1818} INFO - Sync 1 DAGs
[2022-10-18 18:29:51,437] {logging_mixin.py:104} INFO - [2022-10-18 18:29:51,437] {dag.py:2273} INFO - Setting next_dagrun for trending_hashtags_2 to 2022-10-18 18:16:52.696811+00:00
[2022-10-18 18:29:51,451] {scheduler_job.py:190} INFO - Processing /opt/airflow/dags/my_module.py took 0.851 seconds
[2022-10-18 18:30:21,986] {scheduler_job.py:182} INFO - Started process (PID=1169) to work on /opt/airflow/dags/my_module.py
[2022-10-18 18:30:21,991] {scheduler_job.py:629} INFO - Processing file /opt/airflow/dags/my_module.py for tasks to queue
[2022-10-18 18:30:21,994] {logging_mixin.py:104} INFO - [2022-10-18 18:30:21,994] {dagbag.py:448} INFO - Filling up the DagBag from /opt/airflow/dags/my_module.py
[2022-10-18 18:30:22,637] {scheduler_job.py:639} INFO - DAG(s) dict_keys(['trending_hashtags_2']) retrieved from /opt/airflow/dags/my_module.py
[2022-10-18 18:30:22,667] {logging_mixin.py:104} INFO - [2022-10-18 18:30:22,667] {dag.py:1818} INFO - Sync 1 DAGs
[2022-10-18 18:30:22,683] {logging_mixin.py:104} INFO - [2022-10-18 18:30:22,683] {dag.py:2273} INFO - Setting next_dagrun for trending_hashtags_2 to 2022-10-18 18:16:52.696811+00:00
[2022-10-18 18:30:22,694] {scheduler_job.py:190} INFO - Processing /opt/airflow/dags/my_module.py took 0.714 seconds
[2022-10-18 18:30:53,103] {scheduler_job.py:182} INFO - Started process (PID=1199) to work on /opt/airflow/dags/my_module.py
[2022-10-18 18:30:53,107] {scheduler_job.py:629} INFO - Processing file /opt/airflow/dags/my_module.py for tasks to queue
[2022-10-18 18:30:53,110] {logging_mixin.py:104} INFO - [2022-10-18 18:30:53,109] {dagbag.py:448} INFO - Filling up the DagBag from /opt/airflow/dags/my_module.py
[2022-10-18 18:30:54,010] {scheduler_job.py:639} INFO - DAG(s) dict_keys(['trending_hashtags_2']) retrieved from /opt/airflow/dags/my_module.py
[2022-10-18 18:30:54,044] {logging_mixin.py:104} INFO - [2022-10-18 18:30:54,044] {dag.py:1818} INFO - Sync 1 DAGs
[2022-10-18 18:30:54,071] {logging_mixin.py:104} INFO - [2022-10-18 18:30:54,071] {dag.py:2273} INFO - Setting next_dagrun for trending_hashtags_2 to 2022-10-18 18:16:52.696811+00:00
[2022-10-18 18:30:54,088] {scheduler_job.py:190} INFO - Processing /opt/airflow/dags/my_module.py took 0.994 seconds
