[2022-10-20 10:29:07,241] {taskinstance.py:851} INFO - Dependencies all met for <TaskInstance: trending_hashtags.task_complete_message 2022-10-20T10:28:30.989744+00:00 [queued]>
[2022-10-20 10:29:07,267] {taskinstance.py:851} INFO - Dependencies all met for <TaskInstance: trending_hashtags.task_complete_message 2022-10-20T10:28:30.989744+00:00 [queued]>
[2022-10-20 10:29:07,268] {taskinstance.py:1042} INFO - 
--------------------------------------------------------------------------------
[2022-10-20 10:29:07,269] {taskinstance.py:1043} INFO - Starting attempt 1 of 1
[2022-10-20 10:29:07,270] {taskinstance.py:1044} INFO - 
--------------------------------------------------------------------------------
[2022-10-20 10:29:07,287] {taskinstance.py:1063} INFO - Executing <Task(PythonOperator): task_complete_message> on 2022-10-20T10:28:30.989744+00:00
[2022-10-20 10:29:07,295] {standard_task_runner.py:52} INFO - Started process 92 to run task
[2022-10-20 10:29:07,304] {standard_task_runner.py:76} INFO - Running: ['airflow', 'tasks', 'run', 'trending_hashtags', 'task_complete_message', '2022-10-20T10:28:30.989744+00:00', '--job-id', '86', '--pool', 'default_pool', '--raw', '--subdir', 'DAGS_FOLDER/tweepy_dag.py', '--cfg-path', '/tmp/tmp1916by29', '--error-file', '/tmp/tmpp04_gxl0']
[2022-10-20 10:29:07,307] {standard_task_runner.py:77} INFO - Job 86: Subtask task_complete_message
[2022-10-20 10:29:07,385] {logging_mixin.py:104} INFO - Running <TaskInstance: trending_hashtags.task_complete_message 2022-10-20T10:28:30.989744+00:00 [running]> on host 4e607c4cf7a0
[2022-10-20 10:29:07,451] {taskinstance.py:1257} INFO - Exporting the following env vars:
AIRFLOW_CTX_DAG_OWNER=airflow
AIRFLOW_CTX_DAG_ID=trending_hashtags
AIRFLOW_CTX_TASK_ID=task_complete_message
AIRFLOW_CTX_EXECUTION_DATE=2022-10-20T10:28:30.989744+00:00
AIRFLOW_CTX_DAG_RUN_ID=manual__2022-10-20T10:28:30.989744+00:00
[2022-10-20 10:29:07,460] {logging_mixin.py:104} INFO - task complete
[2022-10-20 10:29:07,461] {python.py:118} INFO - Done. Returned value was: None
[2022-10-20 10:29:07,511] {taskinstance.py:1166} INFO - Marking task as SUCCESS. dag_id=trending_hashtags, task_id=task_complete_message, execution_date=20221020T102830, start_date=20221020T102907, end_date=20221020T102907
[2022-10-20 10:29:07,600] {taskinstance.py:1220} INFO - 0 downstream tasks scheduled from follow-on schedule check
[2022-10-20 10:29:07,679] {local_task_job.py:146} INFO - Task exited with return code 0
